{"/Users/dclbenedicto/modelica-json/lib/graphicalPrimitives.js":{"path":"/Users/dclbenedicto/modelica-json/lib/graphicalPrimitives.js","statementMap":{"0":{"start":{"line":4,"column":20},"end":{"line":6,"column":36}},"1":{"start":{"line":5,"column":2},"end":{"line":6,"column":36}},"2":{"start":{"line":6,"column":4},"end":{"line":6,"column":32}},"3":{"start":{"line":14,"column":17},"end":{"line":14,"column":123}},"4":{"start":{"line":15,"column":19},"end":{"line":17,"column":4}},"5":{"start":{"line":16,"column":4},"end":{"line":16,"column":26}},"6":{"start":{"line":18,"column":2},"end":{"line":18,"column":17}},"7":{"start":{"line":28,"column":2},"end":{"line":46,"column":3}},"8":{"start":{"line":29,"column":4},"end":{"line":29,"column":28}},"9":{"start":{"line":30,"column":9},"end":{"line":46,"column":3}},"10":{"start":{"line":31,"column":4},"end":{"line":31,"column":28}},"11":{"start":{"line":32,"column":9},"end":{"line":46,"column":3}},"12":{"start":{"line":33,"column":4},"end":{"line":33,"column":33}},"13":{"start":{"line":34,"column":9},"end":{"line":46,"column":3}},"14":{"start":{"line":35,"column":4},"end":{"line":35,"column":31}},"15":{"start":{"line":36,"column":9},"end":{"line":46,"column":3}},"16":{"start":{"line":37,"column":4},"end":{"line":37,"column":31}},"17":{"start":{"line":38,"column":9},"end":{"line":46,"column":3}},"18":{"start":{"line":39,"column":4},"end":{"line":39,"column":30}},"19":{"start":{"line":40,"column":9},"end":{"line":46,"column":3}},"20":{"start":{"line":41,"column":4},"end":{"line":41,"column":33}},"21":{"start":{"line":42,"column":9},"end":{"line":46,"column":3}},"22":{"start":{"line":43,"column":4},"end":{"line":43,"column":40}},"23":{"start":{"line":45,"column":4},"end":{"line":45,"column":32}},"24":{"start":{"line":55,"column":20},"end":{"line":55,"column":42}},"25":{"start":{"line":56,"column":16},"end":{"line":56,"column":18}},"26":{"start":{"line":57,"column":17},"end":{"line":57,"column":19}},"27":{"start":{"line":58,"column":2},"end":{"line":64,"column":3}},"28":{"start":{"line":58,"column":15},"end":{"line":58,"column":16}},"29":{"start":{"line":59,"column":19},"end":{"line":59,"column":31}},"30":{"start":{"line":60,"column":17},"end":{"line":60,"column":109}},"31":{"start":{"line":61,"column":23},"end":{"line":61,"column":158}},"32":{"start":{"line":62,"column":4},"end":{"line":62,"column":20}},"33":{"start":{"line":63,"column":4},"end":{"line":63,"column":27}},"34":{"start":{"line":65,"column":2},"end":{"line":65,"column":42}},"35":{"start":{"line":74,"column":20},"end":{"line":74,"column":42}},"36":{"start":{"line":75,"column":16},"end":{"line":75,"column":18}},"37":{"start":{"line":76,"column":17},"end":{"line":76,"column":19}},"38":{"start":{"line":77,"column":2},"end":{"line":83,"column":3}},"39":{"start":{"line":77,"column":15},"end":{"line":77,"column":16}},"40":{"start":{"line":78,"column":19},"end":{"line":78,"column":31}},"41":{"start":{"line":79,"column":17},"end":{"line":79,"column":109}},"42":{"start":{"line":80,"column":23},"end":{"line":80,"column":158}},"43":{"start":{"line":81,"column":4},"end":{"line":81,"column":20}},"44":{"start":{"line":82,"column":4},"end":{"line":82,"column":27}},"45":{"start":{"line":84,"column":2},"end":{"line":84,"column":42}},"46":{"start":{"line":93,"column":20},"end":{"line":93,"column":42}},"47":{"start":{"line":94,"column":16},"end":{"line":94,"column":18}},"48":{"start":{"line":95,"column":17},"end":{"line":95,"column":19}},"49":{"start":{"line":96,"column":2},"end":{"line":102,"column":3}},"50":{"start":{"line":96,"column":15},"end":{"line":96,"column":16}},"51":{"start":{"line":97,"column":19},"end":{"line":97,"column":31}},"52":{"start":{"line":98,"column":17},"end":{"line":98,"column":109}},"53":{"start":{"line":99,"column":23},"end":{"line":99,"column":158}},"54":{"start":{"line":100,"column":4},"end":{"line":100,"column":20}},"55":{"start":{"line":101,"column":4},"end":{"line":101,"column":27}},"56":{"start":{"line":103,"column":2},"end":{"line":103,"column":47}},"57":{"start":{"line":112,"column":20},"end":{"line":112,"column":42}},"58":{"start":{"line":113,"column":16},"end":{"line":113,"column":18}},"59":{"start":{"line":114,"column":17},"end":{"line":114,"column":19}},"60":{"start":{"line":115,"column":2},"end":{"line":121,"column":3}},"61":{"start":{"line":115,"column":15},"end":{"line":115,"column":16}},"62":{"start":{"line":116,"column":19},"end":{"line":116,"column":31}},"63":{"start":{"line":117,"column":17},"end":{"line":117,"column":109}},"64":{"start":{"line":118,"column":23},"end":{"line":118,"column":158}},"65":{"start":{"line":119,"column":4},"end":{"line":119,"column":20}},"66":{"start":{"line":120,"column":4},"end":{"line":120,"column":27}},"67":{"start":{"line":122,"column":2},"end":{"line":122,"column":45}},"68":{"start":{"line":131,"column":20},"end":{"line":131,"column":42}},"69":{"start":{"line":132,"column":16},"end":{"line":132,"column":18}},"70":{"start":{"line":133,"column":17},"end":{"line":133,"column":19}},"71":{"start":{"line":134,"column":2},"end":{"line":140,"column":3}},"72":{"start":{"line":134,"column":15},"end":{"line":134,"column":16}},"73":{"start":{"line":135,"column":19},"end":{"line":135,"column":31}},"74":{"start":{"line":136,"column":17},"end":{"line":136,"column":109}},"75":{"start":{"line":137,"column":23},"end":{"line":137,"column":158}},"76":{"start":{"line":138,"column":4},"end":{"line":138,"column":20}},"77":{"start":{"line":139,"column":4},"end":{"line":139,"column":27}},"78":{"start":{"line":141,"column":2},"end":{"line":141,"column":45}},"79":{"start":{"line":150,"column":20},"end":{"line":150,"column":42}},"80":{"start":{"line":151,"column":16},"end":{"line":151,"column":18}},"81":{"start":{"line":152,"column":17},"end":{"line":152,"column":19}},"82":{"start":{"line":153,"column":2},"end":{"line":159,"column":3}},"83":{"start":{"line":153,"column":15},"end":{"line":153,"column":16}},"84":{"start":{"line":154,"column":19},"end":{"line":154,"column":31}},"85":{"start":{"line":155,"column":17},"end":{"line":155,"column":109}},"86":{"start":{"line":156,"column":23},"end":{"line":156,"column":158}},"87":{"start":{"line":157,"column":4},"end":{"line":157,"column":20}},"88":{"start":{"line":158,"column":4},"end":{"line":158,"column":27}},"89":{"start":{"line":160,"column":2},"end":{"line":160,"column":44}},"90":{"start":{"line":169,"column":20},"end":{"line":169,"column":42}},"91":{"start":{"line":171,"column":2},"end":{"line":179,"column":3}},"92":{"start":{"line":171,"column":15},"end":{"line":171,"column":16}},"93":{"start":{"line":172,"column":19},"end":{"line":172,"column":31}},"94":{"start":{"line":173,"column":17},"end":{"line":173,"column":109}},"95":{"start":{"line":174,"column":25},"end":{"line":174,"column":125}},"96":{"start":{"line":175,"column":4},"end":{"line":175,"column":83}},"97":{"start":{"line":175,"column":30},"end":{"line":175,"column":81}},"98":{"start":{"line":176,"column":4},"end":{"line":176,"column":91}},"99":{"start":{"line":176,"column":34},"end":{"line":176,"column":89}},"100":{"start":{"line":177,"column":4},"end":{"line":177,"column":92}},"101":{"start":{"line":177,"column":37},"end":{"line":177,"column":90}},"102":{"start":{"line":178,"column":4},"end":{"line":178,"column":100}},"103":{"start":{"line":178,"column":41},"end":{"line":178,"column":98}},"104":{"start":{"line":180,"column":2},"end":{"line":185,"column":3}},"105":{"start":{"line":194,"column":20},"end":{"line":194,"column":42}},"106":{"start":{"line":196,"column":2},"end":{"line":203,"column":3}},"107":{"start":{"line":196,"column":15},"end":{"line":196,"column":16}},"108":{"start":{"line":197,"column":19},"end":{"line":197,"column":31}},"109":{"start":{"line":198,"column":17},"end":{"line":198,"column":109}},"110":{"start":{"line":199,"column":23},"end":{"line":199,"column":158}},"111":{"start":{"line":200,"column":4},"end":{"line":200,"column":66}},"112":{"start":{"line":200,"column":29},"end":{"line":200,"column":64}},"113":{"start":{"line":201,"column":4},"end":{"line":201,"column":76}},"114":{"start":{"line":201,"column":42},"end":{"line":201,"column":74}},"115":{"start":{"line":202,"column":4},"end":{"line":202,"column":70}},"116":{"start":{"line":202,"column":35},"end":{"line":202,"column":68}},"117":{"start":{"line":204,"column":2},"end":{"line":208,"column":3}},"118":{"start":{"line":217,"column":17},"end":{"line":217,"column":49}},"119":{"start":{"line":218,"column":18},"end":{"line":218,"column":79}},"120":{"start":{"line":220,"column":19},"end":{"line":220,"column":21}},"121":{"start":{"line":222,"column":2},"end":{"line":231,"column":3}},"122":{"start":{"line":222,"column":15},"end":{"line":222,"column":16}},"123":{"start":{"line":223,"column":19},"end":{"line":223,"column":29}},"124":{"start":{"line":224,"column":19},"end":{"line":224,"column":31}},"125":{"start":{"line":225,"column":4},"end":{"line":225,"column":65}},"126":{"start":{"line":225,"column":29},"end":{"line":225,"column":63}},"127":{"start":{"line":226,"column":4},"end":{"line":226,"column":65}},"128":{"start":{"line":226,"column":29},"end":{"line":226,"column":63}},"129":{"start":{"line":227,"column":4},"end":{"line":227,"column":70}},"130":{"start":{"line":227,"column":34},"end":{"line":227,"column":68}},"131":{"start":{"line":228,"column":4},"end":{"line":228,"column":68}},"132":{"start":{"line":228,"column":32},"end":{"line":228,"column":66}},"133":{"start":{"line":229,"column":4},"end":{"line":229,"column":68}},"134":{"start":{"line":229,"column":32},"end":{"line":229,"column":66}},"135":{"start":{"line":230,"column":4},"end":{"line":230,"column":67}},"136":{"start":{"line":230,"column":31},"end":{"line":230,"column":65}},"137":{"start":{"line":232,"column":18},"end":{"line":238,"column":45}},"138":{"start":{"line":238,"column":28},"end":{"line":238,"column":42}},"139":{"start":{"line":239,"column":17},"end":{"line":239,"column":19}},"140":{"start":{"line":241,"column":2},"end":{"line":252,"column":3}},"141":{"start":{"line":242,"column":4},"end":{"line":251,"column":5}},"142":{"start":{"line":242,"column":17},"end":{"line":242,"column":18}},"143":{"start":{"line":243,"column":6},"end":{"line":243,"column":48}},"144":{"start":{"line":244,"column":6},"end":{"line":244,"column":55}},"145":{"start":{"line":245,"column":6},"end":{"line":245,"column":51}},"146":{"start":{"line":246,"column":6},"end":{"line":246,"column":54}},"147":{"start":{"line":247,"column":6},"end":{"line":250,"column":8}},"148":{"start":{"line":253,"column":2},"end":{"line":253,"column":61}},"149":{"start":{"line":254,"column":2},"end":{"line":254,"column":35}},"150":{"start":{"line":255,"column":2},"end":{"line":255,"column":64}},"151":{"start":{"line":256,"column":2},"end":{"line":256,"column":50}},"152":{"start":{"line":257,"column":2},"end":{"line":260,"column":4}},"153":{"start":{"line":261,"column":2},"end":{"line":261,"column":15}},"154":{"start":{"line":270,"column":20},"end":{"line":270,"column":42}},"155":{"start":{"line":272,"column":2},"end":{"line":279,"column":3}},"156":{"start":{"line":272,"column":15},"end":{"line":272,"column":16}},"157":{"start":{"line":273,"column":19},"end":{"line":273,"column":31}},"158":{"start":{"line":274,"column":17},"end":{"line":274,"column":109}},"159":{"start":{"line":275,"column":23},"end":{"line":275,"column":158}},"160":{"start":{"line":276,"column":4},"end":{"line":276,"column":66}},"161":{"start":{"line":276,"column":29},"end":{"line":276,"column":64}},"162":{"start":{"line":277,"column":4},"end":{"line":277,"column":66}},"163":{"start":{"line":277,"column":29},"end":{"line":277,"column":64}},"164":{"start":{"line":278,"column":4},"end":{"line":278,"column":62}},"165":{"start":{"line":278,"column":31},"end":{"line":278,"column":60}},"166":{"start":{"line":280,"column":2},"end":{"line":284,"column":3}},"167":{"start":{"line":293,"column":16},"end":{"line":293,"column":31}},"168":{"start":{"line":294,"column":22},"end":{"line":294,"column":43}},"169":{"start":{"line":296,"column":2},"end":{"line":302,"column":3}},"170":{"start":{"line":296,"column":15},"end":{"line":296,"column":16}},"171":{"start":{"line":297,"column":17},"end":{"line":297,"column":25}},"172":{"start":{"line":298,"column":23},"end":{"line":298,"column":37}},"173":{"start":{"line":299,"column":4},"end":{"line":299,"column":52}},"174":{"start":{"line":299,"column":30},"end":{"line":299,"column":50}},"175":{"start":{"line":300,"column":4},"end":{"line":300,"column":66}},"176":{"start":{"line":300,"column":29},"end":{"line":300,"column":64}},"177":{"start":{"line":301,"column":4},"end":{"line":301,"column":62}},"178":{"start":{"line":301,"column":31},"end":{"line":301,"column":60}},"179":{"start":{"line":303,"column":2},"end":{"line":307,"column":3}},"180":{"start":{"line":316,"column":17},"end":{"line":316,"column":83}},"181":{"start":{"line":317,"column":20},"end":{"line":317,"column":37}},"182":{"start":{"line":318,"column":2},"end":{"line":321,"column":3}},"183":{"start":{"line":330,"column":16},"end":{"line":330,"column":31}},"184":{"start":{"line":331,"column":22},"end":{"line":331,"column":43}},"185":{"start":{"line":333,"column":2},"end":{"line":341,"column":3}},"186":{"start":{"line":333,"column":15},"end":{"line":333,"column":16}},"187":{"start":{"line":334,"column":17},"end":{"line":334,"column":25}},"188":{"start":{"line":335,"column":23},"end":{"line":335,"column":37}},"189":{"start":{"line":336,"column":4},"end":{"line":336,"column":71}},"190":{"start":{"line":336,"column":32},"end":{"line":336,"column":69}},"191":{"start":{"line":337,"column":4},"end":{"line":337,"column":71}},"192":{"start":{"line":337,"column":32},"end":{"line":337,"column":69}},"193":{"start":{"line":338,"column":4},"end":{"line":338,"column":52}},"194":{"start":{"line":338,"column":30},"end":{"line":338,"column":50}},"195":{"start":{"line":339,"column":4},"end":{"line":339,"column":60}},"196":{"start":{"line":339,"column":34},"end":{"line":339,"column":58}},"197":{"start":{"line":340,"column":4},"end":{"line":340,"column":72}},"198":{"start":{"line":340,"column":36},"end":{"line":340,"column":70}},"199":{"start":{"line":342,"column":2},"end":{"line":348,"column":3}},"200":{"start":{"line":353,"column":2},"end":{"line":357,"column":3}},"201":{"start":{"line":354,"column":4},"end":{"line":356,"column":6}},"202":{"start":{"line":358,"column":2},"end":{"line":362,"column":3}},"203":{"start":{"line":359,"column":4},"end":{"line":361,"column":6}},"204":{"start":{"line":363,"column":2},"end":{"line":366,"column":3}},"205":{"start":{"line":375,"column":17},"end":{"line":375,"column":83}},"206":{"start":{"line":376,"column":21},"end":{"line":376,"column":43}},"207":{"start":{"line":377,"column":21},"end":{"line":377,"column":43}},"208":{"start":{"line":379,"column":17},"end":{"line":379,"column":19}},"209":{"start":{"line":380,"column":2},"end":{"line":384,"column":3}},"210":{"start":{"line":380,"column":15},"end":{"line":380,"column":16}},"211":{"start":{"line":381,"column":4},"end":{"line":381,"column":63}},"212":{"start":{"line":382,"column":4},"end":{"line":382,"column":33}},"213":{"start":{"line":383,"column":4},"end":{"line":383,"column":84}},"214":{"start":{"line":385,"column":2},"end":{"line":385,"column":15}},"215":{"start":{"line":394,"column":17},"end":{"line":394,"column":83}},"216":{"start":{"line":395,"column":20},"end":{"line":395,"column":37}},"217":{"start":{"line":396,"column":2},"end":{"line":400,"column":3}},"218":{"start":{"line":410,"column":2},"end":{"line":412,"column":3}},"219":{"start":{"line":410,"column":27},"end":{"line":410,"column":63}},"220":{"start":{"line":410,"column":71},"end":{"line":412,"column":3}},"221":{"start":{"line":410,"column":96},"end":{"line":410,"column":132}},"222":{"start":{"line":410,"column":140},"end":{"line":412,"column":3}},"223":{"start":{"line":410,"column":170},"end":{"line":410,"column":211}},"224":{"start":{"line":410,"column":219},"end":{"line":412,"column":3}},"225":{"start":{"line":410,"column":247},"end":{"line":410,"column":286}},"226":{"start":{"line":410,"column":294},"end":{"line":412,"column":3}},"227":{"start":{"line":410,"column":322},"end":{"line":410,"column":361}},"228":{"start":{"line":411,"column":4},"end":{"line":411,"column":42}},"229":{"start":{"line":421,"column":20},"end":{"line":421,"column":50}},"230":{"start":{"line":422,"column":16},"end":{"line":422,"column":31}},"231":{"start":{"line":423,"column":17},"end":{"line":423,"column":33}},"232":{"start":{"line":424,"column":2},"end":{"line":424,"column":42}},"233":{"start":{"line":433,"column":20},"end":{"line":433,"column":50}},"234":{"start":{"line":434,"column":16},"end":{"line":434,"column":31}},"235":{"start":{"line":435,"column":17},"end":{"line":435,"column":33}},"236":{"start":{"line":436,"column":2},"end":{"line":436,"column":42}},"237":{"start":{"line":445,"column":20},"end":{"line":445,"column":50}},"238":{"start":{"line":446,"column":16},"end":{"line":446,"column":31}},"239":{"start":{"line":447,"column":17},"end":{"line":447,"column":33}},"240":{"start":{"line":448,"column":2},"end":{"line":448,"column":47}},"241":{"start":{"line":457,"column":20},"end":{"line":457,"column":50}},"242":{"start":{"line":458,"column":16},"end":{"line":458,"column":31}},"243":{"start":{"line":459,"column":17},"end":{"line":459,"column":33}},"244":{"start":{"line":460,"column":2},"end":{"line":460,"column":45}},"245":{"start":{"line":469,"column":20},"end":{"line":469,"column":50}},"246":{"start":{"line":470,"column":16},"end":{"line":470,"column":31}},"247":{"start":{"line":471,"column":17},"end":{"line":471,"column":33}},"248":{"start":{"line":472,"column":2},"end":{"line":472,"column":45}},"249":{"start":{"line":481,"column":20},"end":{"line":481,"column":50}},"250":{"start":{"line":482,"column":16},"end":{"line":482,"column":31}},"251":{"start":{"line":483,"column":17},"end":{"line":483,"column":33}},"252":{"start":{"line":484,"column":2},"end":{"line":484,"column":44}},"253":{"start":{"line":495,"column":2},"end":{"line":507,"column":3}},"254":{"start":{"line":495,"column":15},"end":{"line":495,"column":16}},"255":{"start":{"line":496,"column":17},"end":{"line":496,"column":25}},"256":{"start":{"line":497,"column":23},"end":{"line":497,"column":32}},"257":{"start":{"line":498,"column":4},"end":{"line":498,"column":52}},"258":{"start":{"line":498,"column":30},"end":{"line":498,"column":50}},"259":{"start":{"line":499,"column":4},"end":{"line":499,"column":64}},"260":{"start":{"line":499,"column":32},"end":{"line":499,"column":62}},"261":{"start":{"line":500,"column":4},"end":{"line":500,"column":64}},"262":{"start":{"line":500,"column":32},"end":{"line":500,"column":62}},"263":{"start":{"line":501,"column":4},"end":{"line":501,"column":50}},"264":{"start":{"line":501,"column":29},"end":{"line":501,"column":48}},"265":{"start":{"line":502,"column":4},"end":{"line":502,"column":52}},"266":{"start":{"line":502,"column":30},"end":{"line":502,"column":50}},"267":{"start":{"line":503,"column":4},"end":{"line":505,"column":5}},"268":{"start":{"line":504,"column":6},"end":{"line":504,"column":41}},"269":{"start":{"line":506,"column":4},"end":{"line":506,"column":63}},"270":{"start":{"line":506,"column":28},"end":{"line":506,"column":61}},"271":{"start":{"line":508,"column":2},"end":{"line":516,"column":3}},"272":{"start":{"line":526,"column":18},"end":{"line":526,"column":51}},"273":{"start":{"line":527,"column":22},"end":{"line":527,"column":91}},"274":{"start":{"line":528,"column":21},"end":{"line":528,"column":23}},"275":{"start":{"line":529,"column":21},"end":{"line":529,"column":23}},"276":{"start":{"line":530,"column":21},"end":{"line":530,"column":23}},"277":{"start":{"line":531,"column":21},"end":{"line":531,"column":23}},"278":{"start":{"line":534,"column":2},"end":{"line":555,"column":3}},"279":{"start":{"line":534,"column":15},"end":{"line":534,"column":16}},"280":{"start":{"line":535,"column":17},"end":{"line":535,"column":25}},"281":{"start":{"line":536,"column":23},"end":{"line":536,"column":32}},"282":{"start":{"line":537,"column":4},"end":{"line":537,"column":66}},"283":{"start":{"line":537,"column":29},"end":{"line":537,"column":64}},"284":{"start":{"line":538,"column":4},"end":{"line":538,"column":58}},"285":{"start":{"line":538,"column":33},"end":{"line":538,"column":56}},"286":{"start":{"line":539,"column":4},"end":{"line":539,"column":62}},"287":{"start":{"line":539,"column":31},"end":{"line":539,"column":60}},"288":{"start":{"line":540,"column":4},"end":{"line":540,"column":54}},"289":{"start":{"line":540,"column":31},"end":{"line":540,"column":52}},"290":{"start":{"line":541,"column":4},"end":{"line":541,"column":71}},"291":{"start":{"line":541,"column":32},"end":{"line":541,"column":69}},"292":{"start":{"line":542,"column":4},"end":{"line":542,"column":76}},"293":{"start":{"line":542,"column":42},"end":{"line":542,"column":74}},"294":{"start":{"line":543,"column":4},"end":{"line":543,"column":50}},"295":{"start":{"line":543,"column":29},"end":{"line":543,"column":48}},"296":{"start":{"line":544,"column":4},"end":{"line":544,"column":56}},"297":{"start":{"line":544,"column":28},"end":{"line":544,"column":54}},"298":{"start":{"line":546,"column":4},"end":{"line":549,"column":5}},"299":{"start":{"line":547,"column":6},"end":{"line":547,"column":27}},"300":{"start":{"line":548,"column":6},"end":{"line":548,"column":33}},"301":{"start":{"line":551,"column":4},"end":{"line":554,"column":5}},"302":{"start":{"line":552,"column":6},"end":{"line":552,"column":27}},"303":{"start":{"line":553,"column":6},"end":{"line":553,"column":33}},"304":{"start":{"line":556,"column":26},"end":{"line":556,"column":95}},"305":{"start":{"line":557,"column":2},"end":{"line":568,"column":3}},"306":{"start":{"line":578,"column":18},"end":{"line":578,"column":51}},"307":{"start":{"line":579,"column":22},"end":{"line":579,"column":91}},"308":{"start":{"line":580,"column":21},"end":{"line":580,"column":23}},"309":{"start":{"line":581,"column":21},"end":{"line":581,"column":23}},"310":{"start":{"line":582,"column":21},"end":{"line":582,"column":23}},"311":{"start":{"line":583,"column":21},"end":{"line":583,"column":23}},"312":{"start":{"line":585,"column":2},"end":{"line":601,"column":3}},"313":{"start":{"line":585,"column":15},"end":{"line":585,"column":16}},"314":{"start":{"line":586,"column":17},"end":{"line":586,"column":25}},"315":{"start":{"line":587,"column":23},"end":{"line":587,"column":32}},"316":{"start":{"line":588,"column":4},"end":{"line":588,"column":66}},"317":{"start":{"line":588,"column":29},"end":{"line":588,"column":64}},"318":{"start":{"line":589,"column":4},"end":{"line":589,"column":58}},"319":{"start":{"line":589,"column":29},"end":{"line":589,"column":56}},"320":{"start":{"line":590,"column":4},"end":{"line":590,"column":64}},"321":{"start":{"line":590,"column":36},"end":{"line":590,"column":62}},"322":{"start":{"line":592,"column":4},"end":{"line":595,"column":5}},"323":{"start":{"line":593,"column":6},"end":{"line":593,"column":27}},"324":{"start":{"line":594,"column":6},"end":{"line":594,"column":33}},"325":{"start":{"line":597,"column":4},"end":{"line":600,"column":5}},"326":{"start":{"line":598,"column":6},"end":{"line":598,"column":27}},"327":{"start":{"line":599,"column":6},"end":{"line":599,"column":33}},"328":{"start":{"line":602,"column":26},"end":{"line":602,"column":95}},"329":{"start":{"line":603,"column":2},"end":{"line":609,"column":3}},"330":{"start":{"line":619,"column":18},"end":{"line":619,"column":51}},"331":{"start":{"line":620,"column":22},"end":{"line":620,"column":91}},"332":{"start":{"line":621,"column":21},"end":{"line":621,"column":23}},"333":{"start":{"line":622,"column":21},"end":{"line":622,"column":23}},"334":{"start":{"line":623,"column":21},"end":{"line":623,"column":23}},"335":{"start":{"line":624,"column":21},"end":{"line":624,"column":23}},"336":{"start":{"line":626,"column":2},"end":{"line":641,"column":3}},"337":{"start":{"line":626,"column":15},"end":{"line":626,"column":16}},"338":{"start":{"line":627,"column":17},"end":{"line":627,"column":25}},"339":{"start":{"line":628,"column":23},"end":{"line":628,"column":32}},"340":{"start":{"line":629,"column":4},"end":{"line":629,"column":66}},"341":{"start":{"line":629,"column":29},"end":{"line":629,"column":64}},"342":{"start":{"line":630,"column":4},"end":{"line":630,"column":50}},"343":{"start":{"line":630,"column":29},"end":{"line":630,"column":48}},"344":{"start":{"line":632,"column":4},"end":{"line":635,"column":5}},"345":{"start":{"line":633,"column":6},"end":{"line":633,"column":27}},"346":{"start":{"line":634,"column":6},"end":{"line":634,"column":33}},"347":{"start":{"line":637,"column":4},"end":{"line":640,"column":5}},"348":{"start":{"line":638,"column":6},"end":{"line":638,"column":27}},"349":{"start":{"line":639,"column":6},"end":{"line":639,"column":33}},"350":{"start":{"line":642,"column":26},"end":{"line":642,"column":95}},"351":{"start":{"line":643,"column":2},"end":{"line":648,"column":3}},"352":{"start":{"line":658,"column":18},"end":{"line":658,"column":51}},"353":{"start":{"line":659,"column":22},"end":{"line":659,"column":91}},"354":{"start":{"line":660,"column":21},"end":{"line":660,"column":23}},"355":{"start":{"line":661,"column":21},"end":{"line":661,"column":23}},"356":{"start":{"line":662,"column":21},"end":{"line":662,"column":23}},"357":{"start":{"line":663,"column":21},"end":{"line":663,"column":23}},"358":{"start":{"line":665,"column":2},"end":{"line":682,"column":3}},"359":{"start":{"line":665,"column":15},"end":{"line":665,"column":16}},"360":{"start":{"line":666,"column":17},"end":{"line":666,"column":25}},"361":{"start":{"line":667,"column":23},"end":{"line":667,"column":32}},"362":{"start":{"line":668,"column":4},"end":{"line":668,"column":66}},"363":{"start":{"line":668,"column":29},"end":{"line":668,"column":64}},"364":{"start":{"line":669,"column":4},"end":{"line":669,"column":66}},"365":{"start":{"line":669,"column":33},"end":{"line":669,"column":64}},"366":{"start":{"line":670,"column":4},"end":{"line":670,"column":62}},"367":{"start":{"line":670,"column":31},"end":{"line":670,"column":60}},"368":{"start":{"line":671,"column":4},"end":{"line":671,"column":52}},"369":{"start":{"line":671,"column":30},"end":{"line":671,"column":50}},"370":{"start":{"line":673,"column":4},"end":{"line":676,"column":5}},"371":{"start":{"line":674,"column":6},"end":{"line":674,"column":27}},"372":{"start":{"line":675,"column":6},"end":{"line":675,"column":33}},"373":{"start":{"line":678,"column":4},"end":{"line":681,"column":5}},"374":{"start":{"line":679,"column":6},"end":{"line":679,"column":27}},"375":{"start":{"line":680,"column":6},"end":{"line":680,"column":33}},"376":{"start":{"line":683,"column":26},"end":{"line":683,"column":95}},"377":{"start":{"line":684,"column":2},"end":{"line":691,"column":3}},"378":{"start":{"line":701,"column":18},"end":{"line":701,"column":51}},"379":{"start":{"line":702,"column":21},"end":{"line":702,"column":23}},"380":{"start":{"line":703,"column":21},"end":{"line":703,"column":23}},"381":{"start":{"line":705,"column":2},"end":{"line":716,"column":3}},"382":{"start":{"line":705,"column":15},"end":{"line":705,"column":16}},"383":{"start":{"line":706,"column":17},"end":{"line":706,"column":25}},"384":{"start":{"line":707,"column":23},"end":{"line":707,"column":32}},"385":{"start":{"line":708,"column":4},"end":{"line":708,"column":66}},"386":{"start":{"line":708,"column":29},"end":{"line":708,"column":64}},"387":{"start":{"line":709,"column":4},"end":{"line":709,"column":54}},"388":{"start":{"line":709,"column":31},"end":{"line":709,"column":52}},"389":{"start":{"line":710,"column":4},"end":{"line":710,"column":60}},"390":{"start":{"line":710,"column":34},"end":{"line":710,"column":58}},"391":{"start":{"line":712,"column":4},"end":{"line":715,"column":5}},"392":{"start":{"line":713,"column":6},"end":{"line":713,"column":27}},"393":{"start":{"line":714,"column":6},"end":{"line":714,"column":33}},"394":{"start":{"line":717,"column":20},"end":{"line":717,"column":65}},"395":{"start":{"line":718,"column":2},"end":{"line":723,"column":3}},"396":{"start":{"line":733,"column":18},"end":{"line":733,"column":40}},"397":{"start":{"line":735,"column":18},"end":{"line":735,"column":20}},"398":{"start":{"line":736,"column":2},"end":{"line":739,"column":3}},"399":{"start":{"line":736,"column":15},"end":{"line":736,"column":16}},"400":{"start":{"line":737,"column":19},"end":{"line":737,"column":54}},"401":{"start":{"line":738,"column":4},"end":{"line":738,"column":45}},"402":{"start":{"line":738,"column":23},"end":{"line":738,"column":43}},"403":{"start":{"line":740,"column":17},"end":{"line":740,"column":19}},"404":{"start":{"line":741,"column":14},"end":{"line":741,"column":16}},"405":{"start":{"line":742,"column":2},"end":{"line":742,"column":46}},"406":{"start":{"line":743,"column":2},"end":{"line":748,"column":3}},"407":{"start":{"line":744,"column":4},"end":{"line":747,"column":5}},"408":{"start":{"line":744,"column":17},"end":{"line":744,"column":18}},"409":{"start":{"line":745,"column":6},"end":{"line":745,"column":67}},"410":{"start":{"line":746,"column":6},"end":{"line":746,"column":60}},"411":{"start":{"line":749,"column":2},"end":{"line":749,"column":61}},"412":{"start":{"line":750,"column":2},"end":{"line":753,"column":3}},"413":{"start":{"line":763,"column":12},"end":{"line":763,"column":14}},"414":{"start":{"line":764,"column":10},"end":{"line":764,"column":12}},"415":{"start":{"line":765,"column":2},"end":{"line":765,"column":61}},"416":{"start":{"line":765,"column":50},"end":{"line":765,"column":59}},"417":{"start":{"line":766,"column":2},"end":{"line":766,"column":10}},"418":{"start":{"line":769,"column":0},"end":{"line":769,"column":56}},"419":{"start":{"line":770,"column":0},"end":{"line":770,"column":58}},"420":{"start":{"line":771,"column":0},"end":{"line":771,"column":32}},"421":{"start":{"line":772,"column":0},"end":{"line":772,"column":32}},"422":{"start":{"line":773,"column":0},"end":{"line":773,"column":42}},"423":{"start":{"line":774,"column":0},"end":{"line":774,"column":38}},"424":{"start":{"line":775,"column":0},"end":{"line":775,"column":38}},"425":{"start":{"line":776,"column":0},"end":{"line":776,"column":36}},"426":{"start":{"line":777,"column":0},"end":{"line":777,"column":42}},"427":{"start":{"line":778,"column":0},"end":{"line":778,"column":56}},"428":{"start":{"line":779,"column":0},"end":{"line":779,"column":40}},"429":{"start":{"line":780,"column":0},"end":{"line":780,"column":52}},"430":{"start":{"line":781,"column":0},"end":{"line":781,"column":48}},"431":{"start":{"line":782,"column":0},"end":{"line":782,"column":36}},"432":{"start":{"line":783,"column":0},"end":{"line":783,"column":46}},"433":{"start":{"line":784,"column":0},"end":{"line":784,"column":50}},"434":{"start":{"line":785,"column":0},"end":{"line":785,"column":36}},"435":{"start":{"line":786,"column":0},"end":{"line":786,"column":34}},"436":{"start":{"line":787,"column":0},"end":{"line":787,"column":56}},"437":{"start":{"line":788,"column":0},"end":{"line":788,"column":50}},"438":{"start":{"line":789,"column":0},"end":{"line":789,"column":50}},"439":{"start":{"line":790,"column":0},"end":{"line":790,"column":60}},"440":{"start":{"line":791,"column":0},"end":{"line":791,"column":56}},"441":{"start":{"line":792,"column":0},"end":{"line":792,"column":56}},"442":{"start":{"line":793,"column":0},"end":{"line":793,"column":54}},"443":{"start":{"line":794,"column":0},"end":{"line":794,"column":44}},"444":{"start":{"line":795,"column":0},"end":{"line":795,"column":44}},"445":{"start":{"line":796,"column":0},"end":{"line":796,"column":54}},"446":{"start":{"line":797,"column":0},"end":{"line":797,"column":50}},"447":{"start":{"line":798,"column":0},"end":{"line":798,"column":50}},"448":{"start":{"line":799,"column":0},"end":{"line":799,"column":48}},"449":{"start":{"line":800,"column":0},"end":{"line":800,"column":52}}},"fnMap":{"0":{"name":"(anonymous_0)","decl":{"start":{"line":4,"column":20},"end":{"line":4,"column":21}},"loc":{"start":{"line":5,"column":2},"end":{"line":6,"column":36}},"line":5},"1":{"name":"(anonymous_1)","decl":{"start":{"line":5,"column":11},"end":{"line":5,"column":12}},"loc":{"start":{"line":6,"column":4},"end":{"line":6,"column":32}},"line":6},"2":{"name":"isGraphicAnnotation","decl":{"start":{"line":13,"column":9},"end":{"line":13,"column":28}},"loc":{"start":{"line":13,"column":39},"end":{"line":19,"column":1}},"line":13},"3":{"name":"(anonymous_3)","decl":{"start":{"line":15,"column":31},"end":{"line":15,"column":32}},"loc":{"start":{"line":15,"column":46},"end":{"line":17,"column":3}},"line":15},"4":{"name":"graphicAnnotationObj","decl":{"start":{"line":27,"column":9},"end":{"line":27,"column":29}},"loc":{"start":{"line":27,"column":42},"end":{"line":47,"column":1}},"line":27},"5":{"name":"lineObj","decl":{"start":{"line":54,"column":9},"end":{"line":54,"column":16}},"loc":{"start":{"line":54,"column":23},"end":{"line":66,"column":1}},"line":54},"6":{"name":"textObj","decl":{"start":{"line":73,"column":9},"end":{"line":73,"column":16}},"loc":{"start":{"line":73,"column":23},"end":{"line":85,"column":1}},"line":73},"7":{"name":"rectangleObj","decl":{"start":{"line":92,"column":9},"end":{"line":92,"column":21}},"loc":{"start":{"line":92,"column":28},"end":{"line":104,"column":1}},"line":92},"8":{"name":"polygonObj","decl":{"start":{"line":111,"column":9},"end":{"line":111,"column":19}},"loc":{"start":{"line":111,"column":26},"end":{"line":123,"column":1}},"line":111},"9":{"name":"ellipseObj","decl":{"start":{"line":130,"column":9},"end":{"line":130,"column":19}},"loc":{"start":{"line":130,"column":26},"end":{"line":142,"column":1}},"line":130},"10":{"name":"bitmapObj","decl":{"start":{"line":149,"column":9},"end":{"line":149,"column":18}},"loc":{"start":{"line":149,"column":25},"end":{"line":161,"column":1}},"line":149},"11":{"name":"placementObj","decl":{"start":{"line":168,"column":9},"end":{"line":168,"column":21}},"loc":{"start":{"line":168,"column":28},"end":{"line":186,"column":1}},"line":168},"12":{"name":"coordinateSystemObj","decl":{"start":{"line":193,"column":9},"end":{"line":193,"column":28}},"loc":{"start":{"line":193,"column":35},"end":{"line":209,"column":1}},"line":193},"13":{"name":"graphicsObj","decl":{"start":{"line":216,"column":9},"end":{"line":216,"column":20}},"loc":{"start":{"line":216,"column":27},"end":{"line":262,"column":1}},"line":216},"14":{"name":"(anonymous_14)","decl":{"start":{"line":238,"column":10},"end":{"line":238,"column":11}},"loc":{"start":{"line":238,"column":26},"end":{"line":238,"column":44}},"line":238},"15":{"name":"transformationObj","decl":{"start":{"line":269,"column":9},"end":{"line":269,"column":26}},"loc":{"start":{"line":269,"column":33},"end":{"line":285,"column":1}},"line":269},"16":{"name":"graphicItemsObj","decl":{"start":{"line":292,"column":9},"end":{"line":292,"column":24}},"loc":{"start":{"line":292,"column":37},"end":{"line":308,"column":1}},"line":292},"17":{"name":"originObj","decl":{"start":{"line":315,"column":9},"end":{"line":315,"column":18}},"loc":{"start":{"line":315,"column":28},"end":{"line":322,"column":1}},"line":315},"18":{"name":"filledShapeObj","decl":{"start":{"line":329,"column":9},"end":{"line":329,"column":23}},"loc":{"start":{"line":329,"column":36},"end":{"line":349,"column":1}},"line":329},"19":{"name":"graIteFilShaObjs","decl":{"start":{"line":351,"column":9},"end":{"line":351,"column":25}},"loc":{"start":{"line":351,"column":75},"end":{"line":367,"column":1}},"line":351},"20":{"name":"pointsObj","decl":{"start":{"line":374,"column":9},"end":{"line":374,"column":18}},"loc":{"start":{"line":374,"column":28},"end":{"line":386,"column":1}},"line":374},"21":{"name":"colorObj","decl":{"start":{"line":393,"column":9},"end":{"line":393,"column":17}},"loc":{"start":{"line":393,"column":27},"end":{"line":401,"column":1}},"line":393},"22":{"name":"graphicAttributeObj","decl":{"start":{"line":409,"column":9},"end":{"line":409,"column":28}},"loc":{"start":{"line":409,"column":46},"end":{"line":413,"column":1}},"line":409},"23":{"name":"lineAttributeObj","decl":{"start":{"line":420,"column":9},"end":{"line":420,"column":25}},"loc":{"start":{"line":420,"column":35},"end":{"line":425,"column":1}},"line":420},"24":{"name":"textAttributeObj","decl":{"start":{"line":432,"column":9},"end":{"line":432,"column":25}},"loc":{"start":{"line":432,"column":35},"end":{"line":437,"column":1}},"line":432},"25":{"name":"rectangleAttributeObj","decl":{"start":{"line":444,"column":9},"end":{"line":444,"column":30}},"loc":{"start":{"line":444,"column":40},"end":{"line":449,"column":1}},"line":444},"26":{"name":"polygonAttributeObj","decl":{"start":{"line":456,"column":9},"end":{"line":456,"column":28}},"loc":{"start":{"line":456,"column":38},"end":{"line":461,"column":1}},"line":456},"27":{"name":"ellipseAttributeObj","decl":{"start":{"line":468,"column":9},"end":{"line":468,"column":28}},"loc":{"start":{"line":468,"column":38},"end":{"line":473,"column":1}},"line":468},"28":{"name":"bitmapAttributeObj","decl":{"start":{"line":480,"column":9},"end":{"line":480,"column":27}},"loc":{"start":{"line":480,"column":37},"end":{"line":485,"column":1}},"line":480},"29":{"name":"lineAttribute","decl":{"start":{"line":493,"column":9},"end":{"line":493,"column":22}},"loc":{"start":{"line":493,"column":39},"end":{"line":517,"column":1}},"line":493},"30":{"name":"textAttribute","decl":{"start":{"line":525,"column":9},"end":{"line":525,"column":22}},"loc":{"start":{"line":525,"column":39},"end":{"line":569,"column":1}},"line":525},"31":{"name":"rectangleAttribute","decl":{"start":{"line":577,"column":9},"end":{"line":577,"column":27}},"loc":{"start":{"line":577,"column":44},"end":{"line":610,"column":1}},"line":577},"32":{"name":"polygonAttribute","decl":{"start":{"line":618,"column":9},"end":{"line":618,"column":25}},"loc":{"start":{"line":618,"column":42},"end":{"line":649,"column":1}},"line":618},"33":{"name":"ellipseAttribute","decl":{"start":{"line":657,"column":9},"end":{"line":657,"column":25}},"loc":{"start":{"line":657,"column":42},"end":{"line":692,"column":1}},"line":657},"34":{"name":"bitmapAttribute","decl":{"start":{"line":700,"column":9},"end":{"line":700,"column":24}},"loc":{"start":{"line":700,"column":41},"end":{"line":724,"column":1}},"line":700},"35":{"name":"nameAttributePair","decl":{"start":{"line":731,"column":9},"end":{"line":731,"column":26}},"loc":{"start":{"line":731,"column":36},"end":{"line":754,"column":1}},"line":731},"36":{"name":"locations","decl":{"start":{"line":762,"column":9},"end":{"line":762,"column":18}},"loc":{"start":{"line":762,"column":33},"end":{"line":767,"column":1}},"line":762}},"branchMap":{"0":{"loc":{"start":{"line":6,"column":4},"end":{"line":6,"column":32}},"type":"cond-expr","locations":[{"start":{"line":6,"column":20},"end":{"line":6,"column":25}},{"start":{"line":6,"column":28},"end":{"line":6,"column":32}}],"line":6},"1":{"loc":{"start":{"line":6,"column":5},"end":{"line":6,"column":16}},"type":"binary-expr","locations":[{"start":{"line":6,"column":5},"end":{"line":6,"column":7}},{"start":{"line":6,"column":11},"end":{"line":6,"column":16}}],"line":6},"2":{"loc":{"start":{"line":28,"column":2},"end":{"line":46,"column":3}},"type":"if","locations":[{"start":{"line":28,"column":2},"end":{"line":46,"column":3}},{"start":{"line":28,"column":2},"end":{"line":46,"column":3}}],"line":28},"3":{"loc":{"start":{"line":30,"column":9},"end":{"line":46,"column":3}},"type":"if","locations":[{"start":{"line":30,"column":9},"end":{"line":46,"column":3}},{"start":{"line":30,"column":9},"end":{"line":46,"column":3}}],"line":30},"4":{"loc":{"start":{"line":32,"column":9},"end":{"line":46,"column":3}},"type":"if","locations":[{"start":{"line":32,"column":9},"end":{"line":46,"column":3}},{"start":{"line":32,"column":9},"end":{"line":46,"column":3}}],"line":32},"5":{"loc":{"start":{"line":34,"column":9},"end":{"line":46,"column":3}},"type":"if","locations":[{"start":{"line":34,"column":9},"end":{"line":46,"column":3}},{"start":{"line":34,"column":9},"end":{"line":46,"column":3}}],"line":34},"6":{"loc":{"start":{"line":36,"column":9},"end":{"line":46,"column":3}},"type":"if","locations":[{"start":{"line":36,"column":9},"end":{"line":46,"column":3}},{"start":{"line":36,"column":9},"end":{"line":46,"column":3}}],"line":36},"7":{"loc":{"start":{"line":38,"column":9},"end":{"line":46,"column":3}},"type":"if","locations":[{"start":{"line":38,"column":9},"end":{"line":46,"column":3}},{"start":{"line":38,"column":9},"end":{"line":46,"column":3}}],"line":38},"8":{"loc":{"start":{"line":40,"column":9},"end":{"line":46,"column":3}},"type":"if","locations":[{"start":{"line":40,"column":9},"end":{"line":46,"column":3}},{"start":{"line":40,"column":9},"end":{"line":46,"column":3}}],"line":40},"9":{"loc":{"start":{"line":42,"column":9},"end":{"line":46,"column":3}},"type":"if","locations":[{"start":{"line":42,"column":9},"end":{"line":46,"column":3}},{"start":{"line":42,"column":9},"end":{"line":46,"column":3}}],"line":42},"10":{"loc":{"start":{"line":175,"column":4},"end":{"line":175,"column":83}},"type":"if","locations":[{"start":{"line":175,"column":4},"end":{"line":175,"column":83}},{"start":{"line":175,"column":4},"end":{"line":175,"column":83}}],"line":175},"11":{"loc":{"start":{"line":176,"column":4},"end":{"line":176,"column":91}},"type":"if","locations":[{"start":{"line":176,"column":4},"end":{"line":176,"column":91}},{"start":{"line":176,"column":4},"end":{"line":176,"column":91}}],"line":176},"12":{"loc":{"start":{"line":177,"column":4},"end":{"line":177,"column":92}},"type":"if","locations":[{"start":{"line":177,"column":4},"end":{"line":177,"column":92}},{"start":{"line":177,"column":4},"end":{"line":177,"column":92}}],"line":177},"13":{"loc":{"start":{"line":178,"column":4},"end":{"line":178,"column":100}},"type":"if","locations":[{"start":{"line":178,"column":4},"end":{"line":178,"column":100}},{"start":{"line":178,"column":4},"end":{"line":178,"column":100}}],"line":178},"14":{"loc":{"start":{"line":200,"column":4},"end":{"line":200,"column":66}},"type":"if","locations":[{"start":{"line":200,"column":4},"end":{"line":200,"column":66}},{"start":{"line":200,"column":4},"end":{"line":200,"column":66}}],"line":200},"15":{"loc":{"start":{"line":201,"column":4},"end":{"line":201,"column":76}},"type":"if","locations":[{"start":{"line":201,"column":4},"end":{"line":201,"column":76}},{"start":{"line":201,"column":4},"end":{"line":201,"column":76}}],"line":201},"16":{"loc":{"start":{"line":202,"column":4},"end":{"line":202,"column":70}},"type":"if","locations":[{"start":{"line":202,"column":4},"end":{"line":202,"column":70}},{"start":{"line":202,"column":4},"end":{"line":202,"column":70}}],"line":202},"17":{"loc":{"start":{"line":225,"column":4},"end":{"line":225,"column":65}},"type":"if","locations":[{"start":{"line":225,"column":4},"end":{"line":225,"column":65}},{"start":{"line":225,"column":4},"end":{"line":225,"column":65}}],"line":225},"18":{"loc":{"start":{"line":226,"column":4},"end":{"line":226,"column":65}},"type":"if","locations":[{"start":{"line":226,"column":4},"end":{"line":226,"column":65}},{"start":{"line":226,"column":4},"end":{"line":226,"column":65}}],"line":226},"19":{"loc":{"start":{"line":227,"column":4},"end":{"line":227,"column":70}},"type":"if","locations":[{"start":{"line":227,"column":4},"end":{"line":227,"column":70}},{"start":{"line":227,"column":4},"end":{"line":227,"column":70}}],"line":227},"20":{"loc":{"start":{"line":228,"column":4},"end":{"line":228,"column":68}},"type":"if","locations":[{"start":{"line":228,"column":4},"end":{"line":228,"column":68}},{"start":{"line":228,"column":4},"end":{"line":228,"column":68}}],"line":228},"21":{"loc":{"start":{"line":229,"column":4},"end":{"line":229,"column":68}},"type":"if","locations":[{"start":{"line":229,"column":4},"end":{"line":229,"column":68}},{"start":{"line":229,"column":4},"end":{"line":229,"column":68}}],"line":229},"22":{"loc":{"start":{"line":230,"column":4},"end":{"line":230,"column":67}},"type":"if","locations":[{"start":{"line":230,"column":4},"end":{"line":230,"column":67}},{"start":{"line":230,"column":4},"end":{"line":230,"column":67}}],"line":230},"23":{"loc":{"start":{"line":232,"column":34},"end":{"line":232,"column":46}},"type":"binary-expr","locations":[{"start":{"line":232,"column":34},"end":{"line":232,"column":40}},{"start":{"line":232,"column":44},"end":{"line":232,"column":46}}],"line":232},"24":{"loc":{"start":{"line":233,"column":12},"end":{"line":233,"column":24}},"type":"binary-expr","locations":[{"start":{"line":233,"column":12},"end":{"line":233,"column":18}},{"start":{"line":233,"column":22},"end":{"line":233,"column":24}}],"line":233},"25":{"loc":{"start":{"line":234,"column":12},"end":{"line":234,"column":24}},"type":"binary-expr","locations":[{"start":{"line":234,"column":12},"end":{"line":234,"column":18}},{"start":{"line":234,"column":22},"end":{"line":234,"column":24}}],"line":234},"26":{"loc":{"start":{"line":235,"column":12},"end":{"line":235,"column":24}},"type":"binary-expr","locations":[{"start":{"line":235,"column":12},"end":{"line":235,"column":18}},{"start":{"line":235,"column":22},"end":{"line":235,"column":24}}],"line":235},"27":{"loc":{"start":{"line":236,"column":12},"end":{"line":236,"column":24}},"type":"binary-expr","locations":[{"start":{"line":236,"column":12},"end":{"line":236,"column":18}},{"start":{"line":236,"column":22},"end":{"line":236,"column":24}}],"line":236},"28":{"loc":{"start":{"line":237,"column":12},"end":{"line":237,"column":24}},"type":"binary-expr","locations":[{"start":{"line":237,"column":12},"end":{"line":237,"column":18}},{"start":{"line":237,"column":22},"end":{"line":237,"column":24}}],"line":237},"29":{"loc":{"start":{"line":241,"column":2},"end":{"line":252,"column":3}},"type":"if","locations":[{"start":{"line":241,"column":2},"end":{"line":252,"column":3}},{"start":{"line":241,"column":2},"end":{"line":252,"column":3}}],"line":241},"30":{"loc":{"start":{"line":276,"column":4},"end":{"line":276,"column":66}},"type":"if","locations":[{"start":{"line":276,"column":4},"end":{"line":276,"column":66}},{"start":{"line":276,"column":4},"end":{"line":276,"column":66}}],"line":276},"31":{"loc":{"start":{"line":277,"column":4},"end":{"line":277,"column":66}},"type":"if","locations":[{"start":{"line":277,"column":4},"end":{"line":277,"column":66}},{"start":{"line":277,"column":4},"end":{"line":277,"column":66}}],"line":277},"32":{"loc":{"start":{"line":278,"column":4},"end":{"line":278,"column":62}},"type":"if","locations":[{"start":{"line":278,"column":4},"end":{"line":278,"column":62}},{"start":{"line":278,"column":4},"end":{"line":278,"column":62}}],"line":278},"33":{"loc":{"start":{"line":299,"column":4},"end":{"line":299,"column":52}},"type":"if","locations":[{"start":{"line":299,"column":4},"end":{"line":299,"column":52}},{"start":{"line":299,"column":4},"end":{"line":299,"column":52}}],"line":299},"34":{"loc":{"start":{"line":300,"column":4},"end":{"line":300,"column":66}},"type":"if","locations":[{"start":{"line":300,"column":4},"end":{"line":300,"column":66}},{"start":{"line":300,"column":4},"end":{"line":300,"column":66}}],"line":300},"35":{"loc":{"start":{"line":301,"column":4},"end":{"line":301,"column":62}},"type":"if","locations":[{"start":{"line":301,"column":4},"end":{"line":301,"column":62}},{"start":{"line":301,"column":4},"end":{"line":301,"column":62}}],"line":301},"36":{"loc":{"start":{"line":336,"column":4},"end":{"line":336,"column":71}},"type":"if","locations":[{"start":{"line":336,"column":4},"end":{"line":336,"column":71}},{"start":{"line":336,"column":4},"end":{"line":336,"column":71}}],"line":336},"37":{"loc":{"start":{"line":337,"column":4},"end":{"line":337,"column":71}},"type":"if","locations":[{"start":{"line":337,"column":4},"end":{"line":337,"column":71}},{"start":{"line":337,"column":4},"end":{"line":337,"column":71}}],"line":337},"38":{"loc":{"start":{"line":338,"column":4},"end":{"line":338,"column":52}},"type":"if","locations":[{"start":{"line":338,"column":4},"end":{"line":338,"column":52}},{"start":{"line":338,"column":4},"end":{"line":338,"column":52}}],"line":338},"39":{"loc":{"start":{"line":339,"column":4},"end":{"line":339,"column":60}},"type":"if","locations":[{"start":{"line":339,"column":4},"end":{"line":339,"column":60}},{"start":{"line":339,"column":4},"end":{"line":339,"column":60}}],"line":339},"40":{"loc":{"start":{"line":340,"column":4},"end":{"line":340,"column":72}},"type":"if","locations":[{"start":{"line":340,"column":4},"end":{"line":340,"column":72}},{"start":{"line":340,"column":4},"end":{"line":340,"column":72}}],"line":340},"41":{"loc":{"start":{"line":353,"column":2},"end":{"line":357,"column":3}},"type":"if","locations":[{"start":{"line":353,"column":2},"end":{"line":357,"column":3}},{"start":{"line":353,"column":2},"end":{"line":357,"column":3}}],"line":353},"42":{"loc":{"start":{"line":353,"column":6},"end":{"line":353,"column":41}},"type":"binary-expr","locations":[{"start":{"line":353,"column":6},"end":{"line":353,"column":16}},{"start":{"line":353,"column":20},"end":{"line":353,"column":41}}],"line":353},"43":{"loc":{"start":{"line":358,"column":2},"end":{"line":362,"column":3}},"type":"if","locations":[{"start":{"line":358,"column":2},"end":{"line":362,"column":3}},{"start":{"line":358,"column":2},"end":{"line":362,"column":3}}],"line":358},"44":{"loc":{"start":{"line":358,"column":6},"end":{"line":358,"column":41}},"type":"binary-expr","locations":[{"start":{"line":358,"column":6},"end":{"line":358,"column":16}},{"start":{"line":358,"column":20},"end":{"line":358,"column":41}}],"line":358},"45":{"loc":{"start":{"line":410,"column":2},"end":{"line":412,"column":3}},"type":"if","locations":[{"start":{"line":410,"column":2},"end":{"line":412,"column":3}},{"start":{"line":410,"column":2},"end":{"line":412,"column":3}}],"line":410},"46":{"loc":{"start":{"line":410,"column":71},"end":{"line":412,"column":3}},"type":"if","locations":[{"start":{"line":410,"column":71},"end":{"line":412,"column":3}},{"start":{"line":410,"column":71},"end":{"line":412,"column":3}}],"line":410},"47":{"loc":{"start":{"line":410,"column":140},"end":{"line":412,"column":3}},"type":"if","locations":[{"start":{"line":410,"column":140},"end":{"line":412,"column":3}},{"start":{"line":410,"column":140},"end":{"line":412,"column":3}}],"line":410},"48":{"loc":{"start":{"line":410,"column":219},"end":{"line":412,"column":3}},"type":"if","locations":[{"start":{"line":410,"column":219},"end":{"line":412,"column":3}},{"start":{"line":410,"column":219},"end":{"line":412,"column":3}}],"line":410},"49":{"loc":{"start":{"line":410,"column":294},"end":{"line":412,"column":3}},"type":"if","locations":[{"start":{"line":410,"column":294},"end":{"line":412,"column":3}},{"start":{"line":410,"column":294},"end":{"line":412,"column":3}}],"line":410},"50":{"loc":{"start":{"line":498,"column":4},"end":{"line":498,"column":52}},"type":"if","locations":[{"start":{"line":498,"column":4},"end":{"line":498,"column":52}},{"start":{"line":498,"column":4},"end":{"line":498,"column":52}}],"line":498},"51":{"loc":{"start":{"line":499,"column":4},"end":{"line":499,"column":64}},"type":"if","locations":[{"start":{"line":499,"column":4},"end":{"line":499,"column":64}},{"start":{"line":499,"column":4},"end":{"line":499,"column":64}}],"line":499},"52":{"loc":{"start":{"line":500,"column":4},"end":{"line":500,"column":64}},"type":"if","locations":[{"start":{"line":500,"column":4},"end":{"line":500,"column":64}},{"start":{"line":500,"column":4},"end":{"line":500,"column":64}}],"line":500},"53":{"loc":{"start":{"line":501,"column":4},"end":{"line":501,"column":50}},"type":"if","locations":[{"start":{"line":501,"column":4},"end":{"line":501,"column":50}},{"start":{"line":501,"column":4},"end":{"line":501,"column":50}}],"line":501},"54":{"loc":{"start":{"line":502,"column":4},"end":{"line":502,"column":52}},"type":"if","locations":[{"start":{"line":502,"column":4},"end":{"line":502,"column":52}},{"start":{"line":502,"column":4},"end":{"line":502,"column":52}}],"line":502},"55":{"loc":{"start":{"line":503,"column":4},"end":{"line":505,"column":5}},"type":"if","locations":[{"start":{"line":503,"column":4},"end":{"line":505,"column":5}},{"start":{"line":503,"column":4},"end":{"line":505,"column":5}}],"line":503},"56":{"loc":{"start":{"line":506,"column":4},"end":{"line":506,"column":63}},"type":"if","locations":[{"start":{"line":506,"column":4},"end":{"line":506,"column":63}},{"start":{"line":506,"column":4},"end":{"line":506,"column":63}}],"line":506},"57":{"loc":{"start":{"line":537,"column":4},"end":{"line":537,"column":66}},"type":"if","locations":[{"start":{"line":537,"column":4},"end":{"line":537,"column":66}},{"start":{"line":537,"column":4},"end":{"line":537,"column":66}}],"line":537},"58":{"loc":{"start":{"line":538,"column":4},"end":{"line":538,"column":58}},"type":"if","locations":[{"start":{"line":538,"column":4},"end":{"line":538,"column":58}},{"start":{"line":538,"column":4},"end":{"line":538,"column":58}}],"line":538},"59":{"loc":{"start":{"line":539,"column":4},"end":{"line":539,"column":62}},"type":"if","locations":[{"start":{"line":539,"column":4},"end":{"line":539,"column":62}},{"start":{"line":539,"column":4},"end":{"line":539,"column":62}}],"line":539},"60":{"loc":{"start":{"line":540,"column":4},"end":{"line":540,"column":54}},"type":"if","locations":[{"start":{"line":540,"column":4},"end":{"line":540,"column":54}},{"start":{"line":540,"column":4},"end":{"line":540,"column":54}}],"line":540},"61":{"loc":{"start":{"line":541,"column":4},"end":{"line":541,"column":71}},"type":"if","locations":[{"start":{"line":541,"column":4},"end":{"line":541,"column":71}},{"start":{"line":541,"column":4},"end":{"line":541,"column":71}}],"line":541},"62":{"loc":{"start":{"line":542,"column":4},"end":{"line":542,"column":76}},"type":"if","locations":[{"start":{"line":542,"column":4},"end":{"line":542,"column":76}},{"start":{"line":542,"column":4},"end":{"line":542,"column":76}}],"line":542},"63":{"loc":{"start":{"line":543,"column":4},"end":{"line":543,"column":50}},"type":"if","locations":[{"start":{"line":543,"column":4},"end":{"line":543,"column":50}},{"start":{"line":543,"column":4},"end":{"line":543,"column":50}}],"line":543},"64":{"loc":{"start":{"line":544,"column":4},"end":{"line":544,"column":56}},"type":"if","locations":[{"start":{"line":544,"column":4},"end":{"line":544,"column":56}},{"start":{"line":544,"column":4},"end":{"line":544,"column":56}}],"line":544},"65":{"loc":{"start":{"line":546,"column":4},"end":{"line":549,"column":5}},"type":"if","locations":[{"start":{"line":546,"column":4},"end":{"line":549,"column":5}},{"start":{"line":546,"column":4},"end":{"line":549,"column":5}}],"line":546},"66":{"loc":{"start":{"line":551,"column":4},"end":{"line":554,"column":5}},"type":"if","locations":[{"start":{"line":551,"column":4},"end":{"line":554,"column":5}},{"start":{"line":551,"column":4},"end":{"line":554,"column":5}}],"line":551},"67":{"loc":{"start":{"line":566,"column":4},"end":{"line":566,"column":60}},"type":"cond-expr","locations":[{"start":{"line":566,"column":22},"end":{"line":566,"column":48}},{"start":{"line":566,"column":51},"end":{"line":566,"column":60}}],"line":566},"68":{"loc":{"start":{"line":567,"column":4},"end":{"line":567,"column":60}},"type":"cond-expr","locations":[{"start":{"line":567,"column":22},"end":{"line":567,"column":48}},{"start":{"line":567,"column":51},"end":{"line":567,"column":60}}],"line":567},"69":{"loc":{"start":{"line":588,"column":4},"end":{"line":588,"column":66}},"type":"if","locations":[{"start":{"line":588,"column":4},"end":{"line":588,"column":66}},{"start":{"line":588,"column":4},"end":{"line":588,"column":66}}],"line":588},"70":{"loc":{"start":{"line":589,"column":4},"end":{"line":589,"column":58}},"type":"if","locations":[{"start":{"line":589,"column":4},"end":{"line":589,"column":58}},{"start":{"line":589,"column":4},"end":{"line":589,"column":58}}],"line":589},"71":{"loc":{"start":{"line":590,"column":4},"end":{"line":590,"column":64}},"type":"if","locations":[{"start":{"line":590,"column":4},"end":{"line":590,"column":64}},{"start":{"line":590,"column":4},"end":{"line":590,"column":64}}],"line":590},"72":{"loc":{"start":{"line":592,"column":4},"end":{"line":595,"column":5}},"type":"if","locations":[{"start":{"line":592,"column":4},"end":{"line":595,"column":5}},{"start":{"line":592,"column":4},"end":{"line":595,"column":5}}],"line":592},"73":{"loc":{"start":{"line":597,"column":4},"end":{"line":600,"column":5}},"type":"if","locations":[{"start":{"line":597,"column":4},"end":{"line":600,"column":5}},{"start":{"line":597,"column":4},"end":{"line":600,"column":5}}],"line":597},"74":{"loc":{"start":{"line":607,"column":4},"end":{"line":607,"column":60}},"type":"cond-expr","locations":[{"start":{"line":607,"column":22},"end":{"line":607,"column":48}},{"start":{"line":607,"column":51},"end":{"line":607,"column":60}}],"line":607},"75":{"loc":{"start":{"line":608,"column":4},"end":{"line":608,"column":60}},"type":"cond-expr","locations":[{"start":{"line":608,"column":22},"end":{"line":608,"column":48}},{"start":{"line":608,"column":51},"end":{"line":608,"column":60}}],"line":608},"76":{"loc":{"start":{"line":629,"column":4},"end":{"line":629,"column":66}},"type":"if","locations":[{"start":{"line":629,"column":4},"end":{"line":629,"column":66}},{"start":{"line":629,"column":4},"end":{"line":629,"column":66}}],"line":629},"77":{"loc":{"start":{"line":630,"column":4},"end":{"line":630,"column":50}},"type":"if","locations":[{"start":{"line":630,"column":4},"end":{"line":630,"column":50}},{"start":{"line":630,"column":4},"end":{"line":630,"column":50}}],"line":630},"78":{"loc":{"start":{"line":632,"column":4},"end":{"line":635,"column":5}},"type":"if","locations":[{"start":{"line":632,"column":4},"end":{"line":635,"column":5}},{"start":{"line":632,"column":4},"end":{"line":635,"column":5}}],"line":632},"79":{"loc":{"start":{"line":637,"column":4},"end":{"line":640,"column":5}},"type":"if","locations":[{"start":{"line":637,"column":4},"end":{"line":640,"column":5}},{"start":{"line":637,"column":4},"end":{"line":640,"column":5}}],"line":637},"80":{"loc":{"start":{"line":646,"column":4},"end":{"line":646,"column":60}},"type":"cond-expr","locations":[{"start":{"line":646,"column":22},"end":{"line":646,"column":48}},{"start":{"line":646,"column":51},"end":{"line":646,"column":60}}],"line":646},"81":{"loc":{"start":{"line":647,"column":4},"end":{"line":647,"column":60}},"type":"cond-expr","locations":[{"start":{"line":647,"column":22},"end":{"line":647,"column":48}},{"start":{"line":647,"column":51},"end":{"line":647,"column":60}}],"line":647},"82":{"loc":{"start":{"line":668,"column":4},"end":{"line":668,"column":66}},"type":"if","locations":[{"start":{"line":668,"column":4},"end":{"line":668,"column":66}},{"start":{"line":668,"column":4},"end":{"line":668,"column":66}}],"line":668},"83":{"loc":{"start":{"line":669,"column":4},"end":{"line":669,"column":66}},"type":"if","locations":[{"start":{"line":669,"column":4},"end":{"line":669,"column":66}},{"start":{"line":669,"column":4},"end":{"line":669,"column":66}}],"line":669},"84":{"loc":{"start":{"line":670,"column":4},"end":{"line":670,"column":62}},"type":"if","locations":[{"start":{"line":670,"column":4},"end":{"line":670,"column":62}},{"start":{"line":670,"column":4},"end":{"line":670,"column":62}}],"line":670},"85":{"loc":{"start":{"line":671,"column":4},"end":{"line":671,"column":52}},"type":"if","locations":[{"start":{"line":671,"column":4},"end":{"line":671,"column":52}},{"start":{"line":671,"column":4},"end":{"line":671,"column":52}}],"line":671},"86":{"loc":{"start":{"line":673,"column":4},"end":{"line":676,"column":5}},"type":"if","locations":[{"start":{"line":673,"column":4},"end":{"line":676,"column":5}},{"start":{"line":673,"column":4},"end":{"line":676,"column":5}}],"line":673},"87":{"loc":{"start":{"line":678,"column":4},"end":{"line":681,"column":5}},"type":"if","locations":[{"start":{"line":678,"column":4},"end":{"line":681,"column":5}},{"start":{"line":678,"column":4},"end":{"line":681,"column":5}}],"line":678},"88":{"loc":{"start":{"line":689,"column":4},"end":{"line":689,"column":60}},"type":"cond-expr","locations":[{"start":{"line":689,"column":22},"end":{"line":689,"column":48}},{"start":{"line":689,"column":51},"end":{"line":689,"column":60}}],"line":689},"89":{"loc":{"start":{"line":690,"column":4},"end":{"line":690,"column":60}},"type":"cond-expr","locations":[{"start":{"line":690,"column":22},"end":{"line":690,"column":48}},{"start":{"line":690,"column":51},"end":{"line":690,"column":60}}],"line":690},"90":{"loc":{"start":{"line":708,"column":4},"end":{"line":708,"column":66}},"type":"if","locations":[{"start":{"line":708,"column":4},"end":{"line":708,"column":66}},{"start":{"line":708,"column":4},"end":{"line":708,"column":66}}],"line":708},"91":{"loc":{"start":{"line":709,"column":4},"end":{"line":709,"column":54}},"type":"if","locations":[{"start":{"line":709,"column":4},"end":{"line":709,"column":54}},{"start":{"line":709,"column":4},"end":{"line":709,"column":54}}],"line":709},"92":{"loc":{"start":{"line":710,"column":4},"end":{"line":710,"column":60}},"type":"if","locations":[{"start":{"line":710,"column":4},"end":{"line":710,"column":60}},{"start":{"line":710,"column":4},"end":{"line":710,"column":60}}],"line":710},"93":{"loc":{"start":{"line":712,"column":4},"end":{"line":715,"column":5}},"type":"if","locations":[{"start":{"line":712,"column":4},"end":{"line":715,"column":5}},{"start":{"line":712,"column":4},"end":{"line":715,"column":5}}],"line":712},"94":{"loc":{"start":{"line":722,"column":4},"end":{"line":722,"column":48}},"type":"cond-expr","locations":[{"start":{"line":722,"column":16},"end":{"line":722,"column":36}},{"start":{"line":722,"column":39},"end":{"line":722,"column":48}}],"line":722},"95":{"loc":{"start":{"line":738,"column":4},"end":{"line":738,"column":45}},"type":"if","locations":[{"start":{"line":738,"column":4},"end":{"line":738,"column":45}},{"start":{"line":738,"column":4},"end":{"line":738,"column":45}}],"line":738},"96":{"loc":{"start":{"line":743,"column":2},"end":{"line":748,"column":3}},"type":"if","locations":[{"start":{"line":743,"column":2},"end":{"line":748,"column":3}},{"start":{"line":743,"column":2},"end":{"line":748,"column":3}}],"line":743}},"s":{"0":1,"1":56,"2":216,"3":4,"4":4,"5":20,"6":4,"7":9,"8":1,"9":8,"10":1,"11":7,"12":1,"13":6,"14":1,"15":5,"16":1,"17":4,"18":1,"19":3,"20":1,"21":2,"22":1,"23":1,"24":1,"25":1,"26":1,"27":1,"28":1,"29":3,"30":3,"31":3,"32":3,"33":3,"34":1,"35":1,"36":1,"37":1,"38":1,"39":1,"40":3,"41":3,"42":3,"43":3,"44":3,"45":1,"46":1,"47":1,"48":1,"49":1,"50":1,"51":3,"52":3,"53":3,"54":3,"55":3,"56":1,"57":1,"58":1,"59":1,"60":1,"61":1,"62":3,"63":3,"64":3,"65":3,"66":3,"67":1,"68":1,"69":1,"70":1,"71":1,"72":1,"73":3,"74":3,"75":3,"76":3,"77":3,"78":1,"79":1,"80":1,"81":1,"82":1,"83":1,"84":3,"85":3,"86":3,"87":3,"88":3,"89":1,"90":1,"91":1,"92":1,"93":4,"94":4,"95":4,"96":4,"97":1,"98":4,"99":1,"100":4,"101":1,"102":4,"103":1,"104":1,"105":1,"106":1,"107":1,"108":3,"109":3,"110":3,"111":3,"112":1,"113":3,"114":1,"115":3,"116":1,"117":1,"118":0,"119":0,"120":0,"121":0,"122":0,"123":0,"124":0,"125":0,"126":0,"127":0,"128":0,"129":0,"130":0,"131":0,"132":0,"133":0,"134":0,"135":0,"136":0,"137":0,"138":0,"139":0,"140":0,"141":0,"142":0,"143":0,"144":0,"145":0,"146":0,"147":0,"148":0,"149":0,"150":0,"151":0,"152":0,"153":0,"154":1,"155":1,"156":1,"157":3,"158":3,"159":3,"160":3,"161":1,"162":3,"163":1,"164":3,"165":1,"166":1,"167":1,"168":1,"169":1,"170":1,"171":3,"172":3,"173":3,"174":1,"175":3,"176":1,"177":3,"178":1,"179":1,"180":1,"181":1,"182":1,"183":1,"184":1,"185":1,"186":1,"187":5,"188":5,"189":5,"190":1,"191":5,"192":1,"193":5,"194":1,"195":5,"196":1,"197":5,"198":1,"199":1,"200":1,"201":1,"202":1,"203":1,"204":1,"205":1,"206":1,"207":1,"208":1,"209":1,"210":1,"211":4,"212":4,"213":4,"214":1,"215":1,"216":1,"217":1,"218":6,"219":1,"220":5,"221":1,"222":4,"223":1,"224":3,"225":1,"226":2,"227":1,"228":1,"229":1,"230":1,"231":1,"232":1,"233":1,"234":1,"235":1,"236":1,"237":1,"238":1,"239":1,"240":1,"241":1,"242":1,"243":1,"244":1,"245":1,"246":1,"247":1,"248":1,"249":1,"250":1,"251":1,"252":1,"253":1,"254":1,"255":6,"256":6,"257":6,"258":1,"259":6,"260":1,"261":6,"262":1,"263":6,"264":1,"265":6,"266":1,"267":6,"268":0,"269":6,"270":0,"271":1,"272":1,"273":1,"274":1,"275":1,"276":1,"277":1,"278":1,"279":1,"280":8,"281":8,"282":8,"283":1,"284":8,"285":1,"286":8,"287":1,"288":8,"289":1,"290":8,"291":1,"292":8,"293":1,"294":8,"295":1,"296":8,"297":1,"298":8,"299":0,"300":0,"301":8,"302":0,"303":0,"304":1,"305":1,"306":1,"307":1,"308":1,"309":1,"310":1,"311":1,"312":1,"313":1,"314":3,"315":3,"316":3,"317":1,"318":3,"319":1,"320":3,"321":1,"322":3,"323":0,"324":0,"325":3,"326":0,"327":0,"328":1,"329":1,"330":1,"331":1,"332":1,"333":1,"334":1,"335":1,"336":1,"337":1,"338":2,"339":2,"340":2,"341":1,"342":2,"343":1,"344":2,"345":0,"346":0,"347":2,"348":0,"349":0,"350":1,"351":1,"352":1,"353":1,"354":1,"355":1,"356":1,"357":1,"358":1,"359":1,"360":4,"361":4,"362":4,"363":1,"364":4,"365":1,"366":4,"367":1,"368":4,"369":1,"370":4,"371":0,"372":0,"373":4,"374":0,"375":0,"376":1,"377":1,"378":1,"379":1,"380":1,"381":1,"382":1,"383":3,"384":3,"385":3,"386":1,"387":3,"388":1,"389":3,"390":1,"391":3,"392":0,"393":0,"394":1,"395":1,"396":1,"397":1,"398":1,"399":1,"400":3,"401":3,"402":2,"403":1,"404":1,"405":1,"406":1,"407":1,"408":1,"409":2,"410":2,"411":1,"412":1,"413":3,"414":3,"415":3,"416":11,"417":3,"418":1,"419":1,"420":1,"421":1,"422":1,"423":1,"424":1,"425":1,"426":1,"427":1,"428":1,"429":1,"430":1,"431":1,"432":1,"433":1,"434":1,"435":1,"436":1,"437":1,"438":1,"439":1,"440":1,"441":1,"442":1,"443":1,"444":1,"445":1,"446":1,"447":1,"448":1,"449":1},"f":{"0":56,"1":216,"2":4,"3":20,"4":9,"5":1,"6":1,"7":1,"8":1,"9":1,"10":1,"11":1,"12":1,"13":0,"14":0,"15":1,"16":1,"17":1,"18":1,"19":1,"20":1,"21":1,"22":6,"23":1,"24":1,"25":1,"26":1,"27":1,"28":1,"29":1,"30":1,"31":1,"32":1,"33":1,"34":1,"35":1,"36":3},"b":{"0":[72,144],"1":[216,108],"2":[1,8],"3":[1,7],"4":[1,6],"5":[1,5],"6":[1,4],"7":[1,3],"8":[1,2],"9":[1,1],"10":[1,3],"11":[1,3],"12":[1,3],"13":[1,3],"14":[1,2],"15":[1,2],"16":[1,2],"17":[0,0],"18":[0,0],"19":[0,0],"20":[0,0],"21":[0,0],"22":[0,0],"23":[0,0],"24":[0,0],"25":[0,0],"26":[0,0],"27":[0,0],"28":[0,0],"29":[0,0],"30":[1,2],"31":[1,2],"32":[1,2],"33":[1,2],"34":[1,2],"35":[1,2],"36":[1,4],"37":[1,4],"38":[1,4],"39":[1,4],"40":[1,4],"41":[1,0],"42":[1,1],"43":[1,0],"44":[1,1],"45":[1,5],"46":[1,4],"47":[1,3],"48":[1,2],"49":[1,1],"50":[1,5],"51":[1,5],"52":[1,5],"53":[1,5],"54":[1,5],"55":[0,6],"56":[0,6],"57":[1,7],"58":[1,7],"59":[1,7],"60":[1,7],"61":[1,7],"62":[1,7],"63":[1,7],"64":[1,7],"65":[0,8],"66":[0,8],"67":[1,0],"68":[1,0],"69":[1,2],"70":[1,2],"71":[1,2],"72":[0,3],"73":[0,3],"74":[1,0],"75":[1,0],"76":[1,1],"77":[1,1],"78":[0,2],"79":[0,2],"80":[1,0],"81":[1,0],"82":[1,3],"83":[1,3],"84":[1,3],"85":[1,3],"86":[0,4],"87":[0,4],"88":[1,0],"89":[1,0],"90":[1,2],"91":[1,2],"92":[1,2],"93":[0,3],"94":[1,0],"95":[2,1],"96":[1,0]},"_coverageSchema":"1a1c01bbd47fc00a2c39e90264f33305004495a9","hash":"d934ff8b8ceab23a2cdcce01f0ff0543d081637f","contentHash":"66731bd6faa57df187ed6bca6b68ad02e102abed1ed71df6553a68b05125e074"},"/Users/dclbenedicto/modelica-json/lib/parser.js":{"path":"/Users/dclbenedicto/modelica-json/lib/parser.js","statementMap":{"0":{"start":{"line":1,"column":11},"end":{"line":1,"column":41}},"1":{"start":{"line":2,"column":11},"end":{"line":2,"column":46}},"2":{"start":{"line":3,"column":11},"end":{"line":3,"column":36}},"3":{"start":{"line":4,"column":15},"end":{"line":4,"column":33}},"4":{"start":{"line":5,"column":11},"end":{"line":5,"column":58}},"5":{"start":{"line":6,"column":11},"end":{"line":6,"column":42}},"6":{"start":{"line":8,"column":24},"end":{"line":8,"column":61}},"7":{"start":{"line":22,"column":2},"end":{"line":22,"column":42}},"8":{"start":{"line":23,"column":19},"end":{"line":23,"column":21}},"9":{"start":{"line":24,"column":15},"end":{"line":24,"column":24}},"10":{"start":{"line":25,"column":2},"end":{"line":27,"column":3}},"11":{"start":{"line":26,"column":4},"end":{"line":26,"column":26}},"12":{"start":{"line":28,"column":2},"end":{"line":52,"column":3}},"13":{"start":{"line":29,"column":4},"end":{"line":42,"column":6}},"14":{"start":{"line":31,"column":29},"end":{"line":31,"column":70}},"15":{"start":{"line":33,"column":26},"end":{"line":33,"column":47}},"16":{"start":{"line":35,"column":25},"end":{"line":35,"column":74}},"17":{"start":{"line":36,"column":6},"end":{"line":41,"column":7}},"18":{"start":{"line":37,"column":24},"end":{"line":37,"column":53}},"19":{"start":{"line":38,"column":8},"end":{"line":38,"column":57}},"20":{"start":{"line":39,"column":20},"end":{"line":39,"column":105}},"21":{"start":{"line":40,"column":8},"end":{"line":40,"column":41}},"22":{"start":{"line":44,"column":24},"end":{"line":44,"column":48}},"23":{"start":{"line":45,"column":23},"end":{"line":45,"column":25}},"24":{"start":{"line":46,"column":4},"end":{"line":49,"column":5}},"25":{"start":{"line":46,"column":17},"end":{"line":46,"column":18}},"26":{"start":{"line":47,"column":23},"end":{"line":47,"column":119}},"27":{"start":{"line":48,"column":6},"end":{"line":48,"column":31}},"28":{"start":{"line":50,"column":4},"end":{"line":50,"column":42}},"29":{"start":{"line":51,"column":4},"end":{"line":51,"column":29}},"30":{"start":{"line":53,"column":2},"end":{"line":53,"column":17}},"31":{"start":{"line":63,"column":18},"end":{"line":63,"column":35}},"32":{"start":{"line":64,"column":2},"end":{"line":66,"column":3}},"33":{"start":{"line":65,"column":4},"end":{"line":65,"column":33}},"34":{"start":{"line":67,"column":2},"end":{"line":67,"column":16}},"35":{"start":{"line":82,"column":25},"end":{"line":82,"column":65}},"36":{"start":{"line":84,"column":21},"end":{"line":84,"column":45}},"37":{"start":{"line":86,"column":21},"end":{"line":86,"column":72}},"38":{"start":{"line":88,"column":2},"end":{"line":94,"column":3}},"39":{"start":{"line":89,"column":4},"end":{"line":92,"column":5}},"40":{"start":{"line":90,"column":21},"end":{"line":90,"column":72}},"41":{"start":{"line":91,"column":6},"end":{"line":91,"column":66}},"42":{"start":{"line":93,"column":4},"end":{"line":93,"column":15}},"43":{"start":{"line":96,"column":18},"end":{"line":96,"column":44}},"44":{"start":{"line":97,"column":2},"end":{"line":97,"column":50}},"45":{"start":{"line":98,"column":13},"end":{"line":98,"column":56}},"46":{"start":{"line":100,"column":23},"end":{"line":100,"column":64}},"47":{"start":{"line":102,"column":14},"end":{"line":102,"column":90}},"48":{"start":{"line":103,"column":2},"end":{"line":103,"column":33}},"49":{"start":{"line":104,"column":2},"end":{"line":104,"column":58}},"50":{"start":{"line":107,"column":21},"end":{"line":107,"column":38}},"51":{"start":{"line":108,"column":2},"end":{"line":108,"column":29}},"52":{"start":{"line":110,"column":27},"end":{"line":110,"column":58}},"53":{"start":{"line":111,"column":2},"end":{"line":117,"column":3}},"54":{"start":{"line":112,"column":4},"end":{"line":116,"column":6}},"55":{"start":{"line":113,"column":6},"end":{"line":115,"column":7}},"56":{"start":{"line":114,"column":8},"end":{"line":114,"column":83}},"57":{"start":{"line":118,"column":2},"end":{"line":118,"column":19}},"58":{"start":{"line":123,"column":25},"end":{"line":123,"column":57}},"59":{"start":{"line":124,"column":29},"end":{"line":124,"column":73}},"60":{"start":{"line":125,"column":28},"end":{"line":125,"column":128}},"61":{"start":{"line":126,"column":2},"end":{"line":126,"column":53}},"62":{"start":{"line":135,"column":17},"end":{"line":135,"column":28}},"63":{"start":{"line":136,"column":17},"end":{"line":136,"column":38}},"64":{"start":{"line":137,"column":15},"end":{"line":137,"column":17}},"65":{"start":{"line":138,"column":2},"end":{"line":143,"column":4}},"66":{"start":{"line":139,"column":19},"end":{"line":139,"column":57}},"67":{"start":{"line":140,"column":4},"end":{"line":142,"column":5}},"68":{"start":{"line":141,"column":6},"end":{"line":141,"column":48}},"69":{"start":{"line":144,"column":2},"end":{"line":146,"column":3}},"70":{"start":{"line":145,"column":4},"end":{"line":145,"column":88}},"71":{"start":{"line":145,"column":50},"end":{"line":145,"column":85}},"72":{"start":{"line":147,"column":2},"end":{"line":147,"column":15}},"73":{"start":{"line":157,"column":17},"end":{"line":157,"column":39}},"74":{"start":{"line":158,"column":18},"end":{"line":158,"column":45}},"75":{"start":{"line":159,"column":2},"end":{"line":199,"column":3}},"76":{"start":{"line":160,"column":17},"end":{"line":160,"column":36}},"77":{"start":{"line":161,"column":4},"end":{"line":163,"column":5}},"78":{"start":{"line":162,"column":6},"end":{"line":162,"column":17}},"79":{"start":{"line":164,"column":22},"end":{"line":164,"column":39}},"80":{"start":{"line":165,"column":19},"end":{"line":165,"column":40}},"81":{"start":{"line":167,"column":22},"end":{"line":167,"column":24}},"82":{"start":{"line":168,"column":22},"end":{"line":168,"column":24}},"83":{"start":{"line":169,"column":4},"end":{"line":180,"column":5}},"84":{"start":{"line":170,"column":6},"end":{"line":179,"column":8}},"85":{"start":{"line":171,"column":23},"end":{"line":171,"column":46}},"86":{"start":{"line":172,"column":23},"end":{"line":172,"column":49}},"87":{"start":{"line":173,"column":8},"end":{"line":175,"column":9}},"88":{"start":{"line":174,"column":10},"end":{"line":174,"column":55}},"89":{"start":{"line":176,"column":8},"end":{"line":178,"column":9}},"90":{"start":{"line":177,"column":10},"end":{"line":177,"column":55}},"91":{"start":{"line":182,"column":4},"end":{"line":182,"column":52}},"92":{"start":{"line":184,"column":25},"end":{"line":184,"column":83}},"93":{"start":{"line":185,"column":25},"end":{"line":185,"column":83}},"94":{"start":{"line":187,"column":29},"end":{"line":187,"column":95}},"95":{"start":{"line":188,"column":29},"end":{"line":188,"column":95}},"96":{"start":{"line":189,"column":29},"end":{"line":189,"column":70}},"97":{"start":{"line":191,"column":4},"end":{"line":196,"column":5}},"98":{"start":{"line":192,"column":6},"end":{"line":192,"column":126}},"99":{"start":{"line":192,"column":76},"end":{"line":192,"column":123}},"100":{"start":{"line":193,"column":6},"end":{"line":193,"column":31}},"101":{"start":{"line":195,"column":6},"end":{"line":195,"column":17}},"102":{"start":{"line":198,"column":4},"end":{"line":198,"column":15}},"103":{"start":{"line":209,"column":17},"end":{"line":209,"column":19}},"104":{"start":{"line":210,"column":17},"end":{"line":210,"column":39}},"105":{"start":{"line":211,"column":17},"end":{"line":211,"column":40}},"106":{"start":{"line":212,"column":17},"end":{"line":212,"column":44}},"107":{"start":{"line":213,"column":17},"end":{"line":213,"column":42}},"108":{"start":{"line":214,"column":19},"end":{"line":214,"column":50}},"109":{"start":{"line":215,"column":2},"end":{"line":215,"column":46}},"110":{"start":{"line":216,"column":2},"end":{"line":216,"column":46}},"111":{"start":{"line":217,"column":2},"end":{"line":217,"column":46}},"112":{"start":{"line":218,"column":2},"end":{"line":218,"column":46}},"113":{"start":{"line":219,"column":2},"end":{"line":219,"column":48}},"114":{"start":{"line":221,"column":2},"end":{"line":221,"column":92}},"115":{"start":{"line":221,"column":52},"end":{"line":221,"column":89}},"116":{"start":{"line":223,"column":19},"end":{"line":223,"column":58}},"117":{"start":{"line":224,"column":2},"end":{"line":224,"column":17}},"118":{"start":{"line":234,"column":17},"end":{"line":234,"column":19}},"119":{"start":{"line":236,"column":17},"end":{"line":236,"column":19}},"120":{"start":{"line":238,"column":17},"end":{"line":238,"column":19}},"121":{"start":{"line":240,"column":17},"end":{"line":240,"column":19}},"122":{"start":{"line":242,"column":20},"end":{"line":242,"column":22}},"123":{"start":{"line":243,"column":2},"end":{"line":264,"column":4}},"124":{"start":{"line":244,"column":22},"end":{"line":244,"column":39}},"125":{"start":{"line":245,"column":4},"end":{"line":245,"column":50}},"126":{"start":{"line":245,"column":21},"end":{"line":245,"column":48}},"127":{"start":{"line":246,"column":23},"end":{"line":246,"column":41}},"128":{"start":{"line":247,"column":4},"end":{"line":249,"column":5}},"129":{"start":{"line":248,"column":6},"end":{"line":248,"column":78}},"130":{"start":{"line":250,"column":28},"end":{"line":250,"column":51}},"131":{"start":{"line":251,"column":4},"end":{"line":253,"column":5}},"132":{"start":{"line":252,"column":6},"end":{"line":252,"column":83}},"133":{"start":{"line":254,"column":25},"end":{"line":254,"column":45}},"134":{"start":{"line":255,"column":4},"end":{"line":263,"column":5}},"135":{"start":{"line":256,"column":6},"end":{"line":256,"column":46}},"136":{"start":{"line":257,"column":22},"end":{"line":257,"column":49}},"137":{"start":{"line":258,"column":6},"end":{"line":262,"column":8}},"138":{"start":{"line":259,"column":8},"end":{"line":261,"column":9}},"139":{"start":{"line":260,"column":10},"end":{"line":260,"column":117}},"140":{"start":{"line":265,"column":2},"end":{"line":271,"column":3}},"141":{"start":{"line":280,"column":17},"end":{"line":280,"column":19}},"142":{"start":{"line":281,"column":2},"end":{"line":281,"column":29}},"143":{"start":{"line":282,"column":2},"end":{"line":284,"column":3}},"144":{"start":{"line":283,"column":4},"end":{"line":283,"column":89}},"145":{"start":{"line":285,"column":2},"end":{"line":285,"column":15}},"146":{"start":{"line":294,"column":20},"end":{"line":294,"column":22}},"147":{"start":{"line":295,"column":2},"end":{"line":313,"column":3}},"148":{"start":{"line":296,"column":4},"end":{"line":312,"column":6}},"149":{"start":{"line":297,"column":24},"end":{"line":297,"column":63}},"150":{"start":{"line":298,"column":6},"end":{"line":300,"column":7}},"151":{"start":{"line":299,"column":8},"end":{"line":299,"column":96}},"152":{"start":{"line":301,"column":21},"end":{"line":301,"column":46}},"153":{"start":{"line":302,"column":6},"end":{"line":311,"column":7}},"154":{"start":{"line":303,"column":27},"end":{"line":303,"column":51}},"155":{"start":{"line":304,"column":8},"end":{"line":306,"column":9}},"156":{"start":{"line":305,"column":10},"end":{"line":305,"column":51}},"157":{"start":{"line":307,"column":23},"end":{"line":307,"column":49}},"158":{"start":{"line":308,"column":8},"end":{"line":310,"column":9}},"159":{"start":{"line":309,"column":10},"end":{"line":309,"column":75}},"160":{"start":{"line":314,"column":2},"end":{"line":314,"column":18}},"161":{"start":{"line":323,"column":17},"end":{"line":323,"column":19}},"162":{"start":{"line":324,"column":18},"end":{"line":324,"column":42}},"163":{"start":{"line":325,"column":17},"end":{"line":325,"column":43}},"164":{"start":{"line":326,"column":2},"end":{"line":326,"column":54}},"165":{"start":{"line":326,"column":17},"end":{"line":326,"column":52}},"166":{"start":{"line":327,"column":2},"end":{"line":327,"column":42}},"167":{"start":{"line":327,"column":16},"end":{"line":327,"column":40}},"168":{"start":{"line":328,"column":2},"end":{"line":328,"column":15}},"169":{"start":{"line":338,"column":22},"end":{"line":338,"column":55}},"170":{"start":{"line":341,"column":2},"end":{"line":345,"column":3}},"171":{"start":{"line":342,"column":4},"end":{"line":342,"column":43}},"172":{"start":{"line":344,"column":4},"end":{"line":344,"column":40}},"173":{"start":{"line":346,"column":1
[...]
:79}}],"line":159},"30":{"loc":{"start":{"line":161,"column":6},"end":{"line":173,"column":7}},"type":"if","locations":[{"start":{"line":161,"column":6},"end":{"line":173,"column":7}},{"start":{"line":161,"column":6},"end":{"line":173,"column":7}}],"line":161},"31":{"loc":{"start":{"line":161,"column":10},"end":{"line":161,"column":124}},"type":"binary-expr","locations":[{"start":{"line":161,"column":10},"end":{"line":161,"column":50}},{"start":{"line":161,"column":54},"end":{"line":161,"column":124}}],"line":161},"32":{"loc":{"start":{"line":164,"column":10},"end":{"line":171,"column":11}},"type":"if","locations":[{"start":{"line":164,"column":10},"end":{"line":171,"column":11}},{"start":{"line":164,"column":10},"end":{"line":171,"column":11}}],"line":164},"33":{"loc":{"start":{"line":165,"column":12},"end":{"line":170,"column":13}},"type":"if","locations":[{"start":{"line":165,"column":12},"end":{"line":170,"column":13}},{"start":{"line":165,"column":12},"end":{"line":170,"column":13}}],"line":165},"34":{"loc":{"start":{"line":165,"column":16},"end":{"line":165,"column":167}},"type":"binary-expr","locations":[{"start":{"line":165,"column":16},"end":{"line":165,"column":92}},{"start":{"line":165,"column":96},"end":{"line":165,"column":167}}],"line":165},"35":{"loc":{"start":{"line":166,"column":14},"end":{"line":169,"column":15}},"type":"if","locations":[{"start":{"line":166,"column":14},"end":{"line":169,"column":15}},{"start":{"line":166,"column":14},"end":{"line":169,"column":15}}],"line":166},"36":{"loc":{"start":{"line":179,"column":2},"end":{"line":181,"column":3}},"type":"if","locations":[{"start":{"line":179,"column":2},"end":{"line":181,"column":3}},{"start":{"line":179,"column":2},"end":{"line":181,"column":3}}],"line":179},"37":{"loc":{"start":{"line":179,"column":6},"end":{"line":179,"column":132}},"type":"binary-expr","locations":[{"start":{"line":179,"column":6},"end":{"line":179,"column":41}},{"start":{"line":179,"column":45},"end":{"line":179,"column":84}},{"start":{"line":179,"column":88},"end":{"line":179,"column":132}}],"line":179},"38":{"loc":{"start":{"line":184,"column":2},"end":{"line":186,"column":3}},"type":"if","locations":[{"start":{"line":184,"column":2},"end":{"line":186,"column":3}},{"start":{"line":184,"column":2},"end":{"line":186,"column":3}}],"line":184},"39":{"loc":{"start":{"line":184,"column":6},"end":{"line":184,"column":138}},"type":"binary-expr","locations":[{"start":{"line":184,"column":6},"end":{"line":184,"column":43}},{"start":{"line":184,"column":47},"end":{"line":184,"column":88}},{"start":{"line":184,"column":92},"end":{"line":184,"column":138}}],"line":184},"40":{"loc":{"start":{"line":190,"column":2},"end":{"line":252,"column":3}},"type":"if","locations":[{"start":{"line":190,"column":2},"end":{"line":252,"column":3}},{"start":{"line":190,"column":2},"end":{"line":252,"column":3}}],"line":190},"41":{"loc":{"start":{"line":190,"column":6},"end":{"line":190,"column":141}},"type":"binary-expr","locations":[{"start":{"line":190,"column":6},"end":{"line":190,"column":44}},{"start":{"line":190,"column":48},"end":{"line":190,"column":95}},{"start":{"line":190,"column":99},"end":{"line":190,"column":141}}],"line":190},"42":{"loc":{"start":{"line":207,"column":6},"end":{"line":213,"column":7}},"type":"if","locations":[{"start":{"line":207,"column":6},"end":{"line":213,"column":7}},{"start":{"line":207,"column":6},"end":{"line":213,"column":7}}],"line":207},"43":{"loc":{"start":{"line":217,"column":6},"end":{"line":220,"column":7}},"type":"if","locations":[{"start":{"line":217,"column":6},"end":{"line":220,"column":7}},{"start":{"line":217,"column":6},"end":{"line":220,"column":7}}],"line":217},"44":{"loc":{"start":{"line":217,"column":10},"end":{"line":217,"column":145}},"type":"binary-expr","locations":[{"start":{"line":217,"column":10},"end":{"line":217,"column":48}},{"start":{"line":217,"column":52},"end":{"line":217,"column":94}},{"start":{"line":217,"column":98},"end":{"line":217,"column":145}}],"line":217},"45":{"loc":{"start":{"line":221,"column":6},"end":{"line":226,"column":7}},"type":"if","locations":[{"start":{"line":221,"column":6},"end":{"line":226,"column":7}},{"start":{"line":221,"column":6},"end":{"line":226,"column":7}}],"line":221},"46":{"loc":{"start":{"line":221,"column":10},"end":{"line":221,"column":154}},"type":"binary-expr","locations":[{"start":{"line":221,"column":10},"end":{"line":221,"column":51}},{"start":{"line":221,"column":55},"end":{"line":221,"column":100}},{"start":{"line":221,"column":104},"end":{"line":221,"column":154}}],"line":221},"47":{"loc":{"start":{"line":223,"column":8},"end":{"line":225,"column":9}},"type":"if","locations":[{"start":{"line":223,"column":8},"end":{"line":225,"column":9}},{"start":{"line":223,"column":8},"end":{"line":225,"column":9}}],"line":223},"48":{"loc":{"start":{"line":227,"column":6},"end":{"line":229,"column":7}},"type":"if","locations":[{"start":{"line":227,"column":6},"end":{"line":229,"column":7}},{"start":{"line":227,"column":6},"end":{"line":229,"column":7}}],"line":227},"49":{"loc":{"start":{"line":227,"column":10},"end":{"line":227,"column":151}},"type":"binary-expr","locations":[{"start":{"line":227,"column":10},"end":{"line":227,"column":50}},{"start":{"line":227,"column":54},"end":{"line":227,"column":98}},{"start":{"line":227,"column":102},"end":{"line":227,"column":151}}],"line":227},"50":{"loc":{"start":{"line":231,"column":6},"end":{"line":244,"column":7}},"type":"if","locations":[{"start":{"line":231,"column":6},"end":{"line":244,"column":7}},{"start":{"line":231,"column":6},"end":{"line":244,"column":7}}],"line":231},"51":{"loc":{"start":{"line":231,"column":10},"end":{"line":231,"column":87}},"type":"binary-expr","locations":[{"start":{"line":231,"column":10},"end":{"line":231,"column":44}},{"start":{"line":231,"column":48},"end":{"line":231,"column":87}}],"line":231},"52":{"loc":{"start":{"line":234,"column":8},"end":{"line":243,"column":9}},"type":"if","locations":[{"start":{"line":234,"column":8},"end":{"line":243,"column":9}},{"start":{"line":234,"column":8},"end":{"line":243,"column":9}}],"line":234},"53":{"loc":{"start":{"line":236,"column":12},"end":{"line":241,"column":13}},"type":"if","locations":[{"start":{"line":236,"column":12},"end":{"line":241,"column":13}},{"start":{"line":236,"column":12},"end":{"line":241,"column":13}}],"line":236},"54":{"loc":{"start":{"line":246,"column":6},"end":{"line":248,"column":7}},"type":"if","locations":[{"start":{"line":246,"column":6},"end":{"line":248,"column":7}},{"start":{"line":246,"column":6},"end":{"line":248,"column":7}}],"line":246},"55":{"loc":{"start":{"line":246,"column":10},"end":{"line":246,"column":61}},"type":"binary-expr","locations":[{"start":{"line":246,"column":10},"end":{"line":246,"column":31}},{"start":{"line":246,"column":35},"end":{"line":246,"column":61}}],"line":246},"56":{"loc":{"start":{"line":255,"column":2},"end":{"line":270,"column":3}},"type":"if","locations":[{"start":{"line":255,"column":2},"end":{"line":270,"column":3}},{"start":{"line":255,"column":2},"end":{"line":270,"column":3}}],"line":255},"57":{"loc":{"start":{"line":263,"column":6},"end":{"line":268,"column":7}},"type":"if","locations":[{"start":{"line":263,"column":6},"end":{"line":268,"column":7}},{"start":{"line":263,"column":6},"end":{"line":268,"column":7}}],"line":263},"58":{"loc":{"start":{"line":263,"column":10},"end":{"line":263,"column":81}},"type":"binary-expr","locations":[{"start":{"line":263,"column":10},"end":{"line":263,"column":41}},{"start":{"line":263,"column":45},"end":{"line":263,"column":81}}],"line":263},"59":{"loc":{"start":{"line":279,"column":2},"end":{"line":281,"column":3}},"type":"if","locations":[{"start":{"line":279,"column":2},"end":{"line":281,"column":3}},{"start":{"line":279,"column":2},"end":{"line":281,"column":3}}],"line":279},"60":{"loc":{"start":{"line":279,"column":6},"end":{"line":279,"column":104}},"type":"binary-expr","locations":[{"start":{"line":279,"column":6},"end":{"line":279,"column":38}},{"start":{"line":279,"column":42},"end":{"line":279,"column":69}},{"start":{"line":279,"column":73},"end":{"line":279,"column":104}}],"line":279},"61":{"loc":{"start":{"line":286,"column":4},"end":{"line":288,"column":5}},"type":"if","locations":[{"start":{"line":286,"column":4},"end":{"line":288,"column":5}},{"start":{"line":286,"column":4},"end":{"line":288,"column":5}}],"line":286},"62":{"loc":{"start":{"line":286,"column":8},"end":{"line":286,"column":65}},"type":"binary-expr","locations":[{"start":{"line":286,"column":8},"end":{"line":286,"column":36}},{"start":{"line":286,"column":40},"end":{"line":286,"column":65}}],"line":286},"63":{"loc":{"start":{"line":297,"column":4},"end":{"line":307,"column":5}},"type":"if","locations":[{"start":{"line":297,"column":4},"end":{"line":307,"column":5}},{"start":{"line":297,"column":4},"end":{"line":307,"column":5}}],"line":297},"64":{"loc":{"start":{"line":299,"column":6},"end":{"line":306,"column":7}},"type":"if","locations":[{"start":{"line":299,"column":6},"end":{"line":306,"column":7}},{"start":{"line":299,"column":6},"end":{"line":306,"column":7}}],"line":299},"65":{"loc":{"start":{"line":300,"column":8},"end":{"line":305,"column":9}},"type":"if","locations":[{"start":{"line":300,"column":8},"end":{"line":305,"column":9}},{"start":{"line":300,"column":8},"end":{"line":305,"column":9}}],"line":300},"66":{"loc":{"start":{"line":300,"column":12},"end":{"line":300,"column":105}},"type":"binary-expr","locations":[{"start":{"line":300,"column":12},"end":{"line":300,"column":56}},{"start":{"line":300,"column":60},"end":{"line":300,"column":105}}],"line":300},"67":{"loc":{"start":{"line":302,"column":10},"end":{"line":304,"column":11}},"type":"if","locations":[{"start":{"line":302,"column":10},"end":{"line":304,"column":11}},{"start":{"line":302,"column":10},"end":{"line":304,"column":11}}],"line":302},"68":{"loc":{"start":{"line":302,"column":14},"end":{"line":302,"column":61}},"type":"binary-expr","locations":[{"start":{"line":302,"column":14},"end":{"line":302,"column":33}},{"start":{"line":302,"column":37},"end":{"line":302,"column":61}}],"line":302},"69":{"loc":{"start":{"line":331,"column":4},"end":{"line":342,"column":5}},"type":"if","locations":[{"start":{"line":331,"column":4},"end":{"line":342,"column":5}},{"start":{"line":331,"column":4},"end":{"line":342,"column":5}}],"line":331},"70":{"loc":{"start":{"line":331,"column":8},"end":{"line":331,"column":88}},"type":"binary-expr","locations":[{"start":{"line":331,"column":8},"end":{"line":331,"column":38}},{"start":{"line":331,"column":42},"end":{"line":331,"column":88}}],"line":331},"71":{"loc":{"start":{"line":336,"column":6},"end":{"line":340,"column":7}},"type":"if","locations":[{"start":{"line":336,"column":6},"end":{"line":340,"column":7}},{"start":{"line":336,"column":6},"end":{"line":340,"column":7}}],"line":336},"72":{"loc":{"start":{"line":337,"column":8},"end":{"line":339,"column":9}},"type":"if","locations":[{"start":{"line":337,"column":8},"end":{"line":339,"column":9}},{"start":{"line":337,"column":8},"end":{"line":339,"column":9}}],"line":337},"73":{"loc":{"start":{"line":354,"column":6},"end":{"line":385,"column":7}},"type":"if","locations":[{"start":{"line":354,"column":6},"end":{"line":385,"column":7}},{"start":{"line":354,"column":6},"end":{"line":385,"column":7}}],"line":354},"74":{"loc":{"start":{"line":360,"column":8},"end":{"line":368,"column":9}},"type":"if","locations":[{"start":{"line":360,"column":8},"end":{"line":368,"column":9}},{"start":{"line":360,"column":8},"end":{"line":368,"column":9}}],"line":360},"75":{"loc":{"start":{"line":360,"column":14},"end":{"line":360,"column":260}},"type":"binary-expr","locations":[{"start":{"line":360,"column":14},"end":{"line":360,"column":54}},{"start":{"line":360,"column":58},"end":{"line":360,"column":94}},{"start":{"line":360,"column":98},"end":{"line":360,"column":137}},{"start":{"line":360,"column":141},"end":{"line":360,"column":180}},{"start":{"line":360,"column":184},"end":{"line":360,"column":222}},{"start":{"line":360,"column":226},"end":{"line":360,"column":260}}],"line":360},"76":{"loc":{"start":{"line":361,"column":10},"end":{"line":367,"column":11}},"type":"if","locations":[{"start":{"line":361,"column":10},"end":{"line":367,"column":11}},{"start":{"line":361,"column":10},"end":{"line":367,"column":11}}],"line":361},"77":{"loc":{"start":{"line":362,"column":12},"end":{"line":366,"column":13}},"type":"if","locations":[{"start":{"line":362,"column":12},"end":{"line":366,"column":13}},{"start":{"line":362,"column":12},"end":{"line":366,"column":13}}],"line":362},"78":{"loc":{"start":{"line":369,"column":13},"end":{"line":385,"column":7}},"type":"if","locations":[{"start":{"line":369,"column":13},"end":{"line":385,"column":7}},{"start":{"line":369,"column":13},"end":{"line":385,"column":7}}],"line":369},"79":{"loc":{"start":{"line":373,"column":8},"end":{"line":382,"column":9}},"type":"if","locations":[{"start":{"line":373,"column":8},"end":{"line":382,"column":9}},{"start":{"line":373,"column":8},"end":{"line":382,"column":9}}],"line":373},"80":{"loc":{"start":{"line":373,"column":14},"end":{"line":373,"column":260}},"type":"binary-expr","locations":[{"start":{"line":373,"column":14},"end":{"line":373,"column":54}},{"start":{"line":373,"column":58},"end":{"line":373,"column":94}},{"start":{"line":373,"column":98},"end":{"line":373,"column":137}},{"start":{"line":373,"column":141},"end":{"line":373,"column":180}},{"start":{"line":373,"column":184},"end":{"line":373,"column":222}},{"start":{"line":373,"column":226},"end":{"line":373,"column":260}}],"line":373},"81":{"loc":{"start":{"line":374,"column":10},"end":{"line":381,"column":11}},"type":"if","locations":[{"start":{"line":374,"column":10},"end":{"line":381,"column":11}},{"start":{"line":374,"column":10},"end":{"line":381,"column":11}}],"line":374},"82":{"loc":{"start":{"line":375,"column":12},"end":{"line":380,"column":13}},"type":"if","locations":[{"start":{"line":375,"column":12},"end":{"line":380,"column":13}},{"start":{"line":375,"column":12},"end":{"line":380,"column":13}}],"line":375},"83":{"loc":{"start":{"line":383,"column":13},"end":{"line":385,"column":7}},"type":"if","locations":[{"start":{"line":383,"column":13},"end":{"line":385,"column":7}},{"start":{"line":383,"column":13},"end":{"line":385,"column":7}}],"line":383},"84":{"loc":{"start":{"line":397,"column":6},"end":{"line":411,"column":7}},"type":"if","locations":[{"start":{"line":397,"column":6},"end":{"line":411,"column":7}},{"start":{"line":397,"column":6},"end":{"line":411,"column":7}}],"line":397},"85":{"loc":{"start":{"line":398,"column":8},"end":{"line":404,"column":9}},"type":"if","locations":[{"start":{"line":398,"column":8},"end":{"line":404,"column":9}},{"start":{"line":398,"column":8},"end":{"line":404,"column":9}}],"line":398},"86":{"loc":{"start":{"line":399,"column":10},"end":{"line":403,"column":11}},"type":"if","locations":[{"start":{"line":399,"column":10},"end":{"line":403,"column":11}},{"start":{"line":399,"column":10},"end":{"line":403,"column":11}}],"line":399},"87":{"loc":{"start":{"line":406,"column":8},"end":{"line":410,"column":9}},"type":"if","locations":[{"start":{"line":406,"column":8},"end":{"line":410,"column":9}},{"start":{"line":406,"column":8},"end":{"line":410,"column":9}}],"line":406},"88":{"loc":{"start":{"line":420,"column":4},"end":{"line":445,"column":5}},"type":"if","locations":[{"start":{"line":420,"column":4},"end":{"line":445,"column":5}},{"start":{"line":420,"column":4},"end":{"line":445,"column":5}}],"line":420},"89":{"loc":{"start":{"line":424,"column":6},"end":{"line":438,"column":7}},"type":"if","locations":[{"start":{"line":424,"column":6},"end":{"line":438,"column":7}},{"start":{"line":424,"column":6},"end":{"line":438,"column":7}}],"line":424},"90":{"loc":{"start":{"line":446,"column":4},"end":{"line":452,"column":5}},"type":"if","locations":[{"start":{"line":446,"column":4},"end":{"line":452,"column":5}},{"start":{"line":446,"column":4},"end":{"line":452,"column":5}}],"line":446},"91":{"loc":{"start":{"line":446,"column":8},"end":{"line":446,"column":63}},"type":"binary-expr","locations":[{"start":{"line":446,"column":8},"end":{"line":446,"column":35}},{"start":{"line":446,"column":39},"end":{"line":446,"column":63}}],"line":446},"92":{"loc":{"start":{"line":447,"column":6},"end":{"line":449,"column":7}},"type":"if","locations":[{"start":{"line":447,"column":6},"end":{"line":449,"column":7}},{"start":{"line":447,"column":6},"end":{"line":449,"column":7}}],"line":447}},"s":{"0":1,"1":1,"2":1,"3":1,"4":1,"5":0,"6":0,"7":0,"8":0,"9":0,"10":0,"11":0,"12":0,"13":0,"14":0,"15":0,"16":0,"17":0,"18":0,"19":0,"20":0,"21":0,"22":0,"23":0,"24":0,"25":0,"26":0,"27":0,"28":0,"29":0,"30":0,"31":0,"32":0,"33":0,"34":0,"35":0,"36":0,"37":0,"38":0,"39":0,"40":0,"41":0,"42":0,"43":0,"44":0,"45":0,"46":0,"47":0,"48":0,"49":0,"50":0,"51":0,"52":0,"53":0,"54":0,"55":0,"56":0,"57":0,"58":0,"59":0,"60":0,"61":0,"62":0,"63":0,"64":0,"65":0,"66":0,"67":0,"68":0,"69":0,"70":0,"71":0,"72":0,"73":0,"74":0,"75":0,"76":0,"77":0,"78":0,"79":0,"80":0,"81":0,"82":0,"83":0,"84":0,"85":0,"86":0,"87":0,"88":0,"89":0,"90":0,"91":0,"92":0,"93":0,"94":0,"95":0,"96":0,"97":0,"98":0,"99":0,"100":0,"101":0,"102":0,"103":0,"104":0,"105":0,"106":0,"107":0,"108":0,"109":0,"110":0,"111":0,"112":0,"113":0,"114":0,"115":0,"116":0,"117":0,"118":0,"119":0,"120":0,"121":0,"122":0,"123":0,"124":0,"125":0,"126":0,"127":0,"128":0,"129":0,"130":0,"131":0,"132":0,"133":0,"134":0,"135":0,"136":0,"137":0,"138":0,"139":0,"140":0,"141":0,"142":0,"143":0,"144":0,"145":0,"146":0,"147":0,"148":0,"149":0,"150":0,"151":0,"152":0,"153":0,"154":0,"155":0,"156":0,"157":0,"158":0,"159":0,"160":0,"161":0,"162":0,"163":0,"164":0,"165":0,"166":0,"167":0,"168":0,"169":0,"170":0,"171":0,"172":0,"173":0,"174":0,"175":0,"176":0,"177":0,"178":0,"179":0,"180":0,"181":0,"182":0,"183":0,"184":0,"185":0,"186":0,"187":0,"188":0,"189":0,"190":0,"191":0,"192":0,"193":0,"194":0,"195":0,"196":0,"197":0,"198":0,"199":0,"200":0,"201":0,"202":0,"203":0,"204":0,"205":0,"206":0,"207":0,"208":0,"209":0,"210":0,"211":0,"212":0,"213":0,"214":0,"215":0,"216":0,"217":0,"218":0,"219":0,"220":0,"221":0,"222":0,"223":0,"224":0,"225":0,"226":0,"227":0,"228":0,"229":0,"230":0,"231":0,"232":0,"233":0,"234":0,"235":0,"236":0,"237":0,"238":0,"239":0,"240":0,"241":0,"242":0,"243":0,"244":0,"245":0,"246":0,"247":0,"248":0,"249":0,"250":0,"251":0,"252":0,"253":0,"254":0,"255":0,"256":0,"257":0,"258":0,"259":0,"260":0,"261":0,"262":0,"263":0,"264":0,"265":1},"f":{"0":0,"1":0,"2":0,"3":0,"4":0,"5":0,"6":0,"7":0,"8":0,"9":0,"10":0,"11":0,"12":0,"13":0},"b":{"0":[0,0],"1":[0,0],"2":[0,0],"3":[0,0],"4":[0,0],"5":[0,0],"6":[0,0],"7":[0,0],"8":[0,0,0],"9":[0,0],"10":[0,0],"11":[0,0,0],"12":[0,0],"13":[0,0,0],"14":[0,0],"15":[0,0],"16":[0,0,0],"17":[0,0],"18":[0,0],"19":[0,0],"20":[0,0],"21":[0,0],"22":[0,0],"23":[0,0],"24":[0,0],"25":[0,0],"26":[0,0],"27":[0,0],"28":[0,0],"29":[0,0],"30":[0,0],"31":[0,0],"32":[0,0],"33":[0,0],"34":[0,0],"35":[0,0],"36":[0,0],"37":[0,0,0],"38":[0,0],"39":[0,0,0],"40":[0,0],"41":[0,0,0],"42":[0,0],"43":[0,0],"44":[0,0,0],"45":[0,0],"46":[0,0,0],"47":[0,0],"48":[0,0],"49":[0,0,0],"50":[0,0],"51":[0,0],"52":[0,0],"53":[0,0],"54":[0,0],"55":[0,0],"56":[0,0],"57":[0,0],"58":[0,0],"59":[0,0],"60":[0,0,0],"61":[0,0],"62":[0,0],"63":[0,0],"64":[0,0],"65":[0,0],"66":[0,0],"67":[0,0],"68":[0,0],"69":[0,0],"70":[0,0],"71":[0,0],"72":[0,0],"73":[0,0],"74":[0,0],"75":[0,0,0,0,0,0],"76":[0,0],"77":[0,0],"78":[0,0],"79":[0,0],"80":[0,0,0,0,0,0],"81":[0,0],"82":[0,0],"83":[0,0],"84":[0,0],"85":[0,0],"86":[0,0],"87":[0,0],"88":[0,0],"89":[0,0],"90":[0,0],"91":[0,0],"92":[0,0]},"_coverageSchema":"1a1c01bbd47fc00a2c39e90264f33305004495a9","hash":"7428fb90853174c597242a636988d9bfdef00de2","contentHash":"faafc2d241962ba20b84dd011b5c313795e2befa8a19b54f0d0897e8042bb86e"}}